./examples/cosmo_box_gravity_only_3d/
create.py ./run/examples/cosmo_box_gravity_only_3d/
Build configuration:
SYSTYPE: "Ubuntu"
CONFIG: ./run/examples/cosmo_box_gravity_only_3d//Config.sh
EXEC: ./run/examples/cosmo_box_gravity_only_3d//Arepo

Checking src/debug_md5/calc_checksum.c for illegal define macros
Checking src/debug_md5/Md5.c for illegal define macros
Checking src/domain/domain.c for illegal define macros
Checking src/domain/domain_balance.c for illegal define macros
Checking src/domain/domain_counttogo.c for illegal define macros
Checking src/domain/domain_box.c for illegal define macros
Checking src/domain/domain_DC_update.c for illegal define macros
Checking src/domain/domain_exchange.c for illegal define macros
Checking src/domain/domain_rearrange.c for illegal define macros
Checking src/domain/domain_sort_kernels.c for illegal define macros
Checking src/domain/domain_vars.c for illegal define macros
Checking src/domain/domain_toplevel.c for illegal define macros
Checking src/gravity/accel.c for illegal define macros
Checking src/domain/peano.c for illegal define macros
Checking src/gravity/forcetree_ewald.c for illegal define macros
Checking src/gravity/forcetree.c for illegal define macros
Checking src/gravity/forcetree_walk.c for illegal define macros
Checking src/gravity/forcetree_optimizebalance.c for illegal define macros
Checking src/gravity/grav_softening.c for illegal define macros
Checking src/gravity/grav_external.c for illegal define macros
Checking src/gravity/gravdirect.c for illegal define macros
Checking src/gravity/gravtree.c for illegal define macros
Checking src/gravity/gravtree_forcetest.c for illegal define macros
Checking src/gravity/longrange.c for illegal define macros
Checking src/gravity/pm/pm_periodic2d.c for illegal define macros
Checking src/gravity/pm/pm_periodic.c for illegal define macros
Checking src/gravity/pm/pm_mpi_fft.c for illegal define macros
Checking src/gravity/pm/pm_nonperiodic.c for illegal define macros
Checking src/hydro/finite_volume_solver.c for illegal define macros
Checking src/hydro/gradients.c for illegal define macros
Checking src/hydro/riemann_hllc.c for illegal define macros
Checking src/hydro/riemann.c for illegal define macros
Checking src/hydro/riemann_hlld.c for illegal define macros
Checking src/hydro/scalars.c for illegal define macros
Checking src/hydro/update_primitive_variables.c for illegal define macros
Checking src/init/begrun.c for illegal define macros
Checking src/init/density.c for illegal define macros
Checking src/init/init.c for illegal define macros
Checking src/io/global.c for illegal define macros
Checking src/io/hdf5_util.c for illegal define macros
Checking src/io/io.c for illegal define macros
Checking src/io/io_fields.c for illegal define macros
Checking src/io/logs.c for illegal define macros
Checking src/io/parameters.c for illegal define macros
Checking src/io/read_ic.c for illegal define macros
Checking src/main/allvars.c for illegal define macros
Checking src/io/restart.c for illegal define macros
Checking src/main/main.c for illegal define macros
Checking src/main/run.c for illegal define macros
Checking src/mesh/criterion_derefinement.c for illegal define macros
Checking src/mesh/criterion_refinement.c for illegal define macros
Checking src/mesh/refinement.c for illegal define macros
Checking src/mesh/set_vertex_velocities.c for illegal define macros
Checking src/mesh/voronoi/voronoi.c for illegal define macros
Checking src/mesh/voronoi/voronoi_1d.c for illegal define macros
Checking src/mesh/voronoi/voronoi_1d_spherical.c for illegal define macros
Checking src/mesh/voronoi/voronoi_3d.c for illegal define macros
Checking src/mesh/voronoi/voronoi_check.c for illegal define macros
Checking src/mesh/voronoi/voronoi_derefinement.c for illegal define macros
Checking src/mesh/voronoi/voronoi_dynamic_update.c for illegal define macros
Checking src/mesh/voronoi/voronoi_ghost_search.c for illegal define macros
Checking src/mesh/voronoi/voronoi_exchange.c for illegal define macros
Checking src/mesh/voronoi/voronoi_gradients_onedims.c for illegal define macros
Checking src/mesh/voronoi/voronoi_gradients_lsf.c for illegal define macros
Checking src/mesh/voronoi/voronoi_refinement.c for illegal define macros
Checking src/mesh/voronoi/voronoi_utils.c for illegal define macros
Checking src/mpi_utils/checksummed_sendrecv.c for illegal define macros
Checking src/mpi_utils/hypercube_allgatherv.c for illegal define macros
Checking src/mpi_utils/mpi_util.c for illegal define macros
Checking src/mpi_utils/myalltoall.c for illegal define macros
Checking src/mpi_utils/sizelimited_sendrecv.c for illegal define macros
Checking src/mpi_utils/pinning.c for illegal define macros
Checking src/ngbtree/ngbtree.c for illegal define macros
Checking src/ngbtree/ngbtree_search.c for illegal define macros
Checking src/ngbtree/ngbtree_walk.c for illegal define macros
Checking src/star_formation/sfr_eEOS.c for illegal define macros
Checking src/star_formation/starformation.c for illegal define macros
Checking src/time_integration/darkenergy.c for illegal define macros
Checking src/time_integration/do_gravity_hydro.c for illegal define macros
Checking src/time_integration/driftfac.c for illegal define macros
Checking src/time_integration/predict.c for illegal define macros
Checking src/time_integration/timestep.c for illegal define macros
Checking src/time_integration/timestep_treebased.c for illegal define macros
Checking src/utils/allocate.c for illegal define macros
Checking src/utils/debug.c for illegal define macros
Checking src/utils/mpz_extension.c for illegal define macros
Checking src/utils/mymalloc.c for illegal define macros
Checking src/utils/parallel_sort.c for illegal define macros
Checking src/utils/system.c for illegal define macros
Checking src/fof/fof.c for illegal define macros
Checking src/fof/fof_distribute.c for illegal define macros
Checking src/fof/fof_findgroups.c for illegal define macros
Checking src/fof/fof_io.c for illegal define macros
Checking src/fof/fof_nearest.c for illegal define macros
Checking src/fof/fof_sort_kernels.c for illegal define macros
Checking src/fof/fof_vars.c for illegal define macros
Checking src/subfind/subfind.c for illegal define macros
Checking src/subfind/subfind_vars.c for illegal define macros
Checking src/subfind/subfind_serial.c for illegal define macros
Checking src/subfind/subfind_coll_tree.c for illegal define macros
Checking src/subfind/subfind_properties.c for illegal define macros
Checking src/subfind/subfind_so.c for illegal define macros
Checking src/subfind/subfind_distribute.c for illegal define macros
Checking src/subfind/subfind_collective.c for illegal define macros
Checking src/subfind/subfind_findlinkngb.c for illegal define macros
Checking src/subfind/subfind_nearesttwo.c for illegal define macros
Checking src/subfind/subfind_loctree.c for illegal define macros
Checking src/subfind/subfind_coll_domain.c for illegal define macros
Checking src/subfind/subfind_coll_treewalk.c for illegal define macros
Checking src/subfind/subfind_density.c for illegal define macros
Checking src/subfind/subfind_io.c for illegal define macros
Checking src/subfind/subfind_sort_kernels.c for illegal define macros
Checking src/subfind/subfind_reprocess.c for illegal define macros
Checking run/examples/cosmo_box_gravity_only_3d//build/compile_time_info.c for illegal define macros
Checking src/subfind/subfind_so_potegy.c for illegal define macros
Checking run/examples/cosmo_box_gravity_only_3d//build/compile_time_info_hdf5.c for illegal define macros
Checking run/examples/cosmo_box_gravity_only_3d//build/version.c for illegal define macros
Checking src/debug_md5/Md5.h for illegal define macros
Checking src/domain/bsd_tree.h for illegal define macros
Checking src/domain/domain.h for illegal define macros
Checking src/gitversion/version.h for illegal define macros
Checking src/gravity/forcetree.h for illegal define macros
Checking src/main/proto.h for illegal define macros
Checking src/main/allvars.h for illegal define macros
Checking src/mesh/voronoi/voronoi.h for illegal define macros
Checking src/mesh/mesh.h for illegal define macros
Checking src/utils/dtypes.h for illegal define macros
Checking src/time_integration/timestep.h for illegal define macros
Checking src/utils/generic_comm_helpers2.h for illegal define macros
Checking src/utils/timer.h for illegal define macros
Checking src/fof/fof.h for illegal define macros
Checking src/subfind/subfind.h for illegal define macros
Checking run/examples/cosmo_box_gravity_only_3d//build/arepoconfig.h for illegal define macros
/cm/shared/apps/spack/cpu/opt/spack/linux-centos8-zen/gcc-8.3.1/gcc-10.2.0-n7su7jf54rc7l2ozegds5xksy6qhrjin/bin/gcc -std=c11 -ggdb -O3 -Wall -Wno-format-security -Wno-unknown-pragmas -Wno-unused-function -I/usr/lib/x86_64-linux-gnu/openmpi/include/ -I/usr/include/hdf5/serial/ -DH5_USE_16_API    -I./run/examples/cosmo_box_gravity_only_3d//build -c src/debug_md5/calc_checksum.c -o run/examples/cosmo_box_gravity_only_3d//build/debug_md5/calc_checksum.o
Checking Makefile for illegal define macros
/cm/shared/apps/spack/cpu/opt/spack/linux-centos8-zen/gcc-8.3.1/gcc-10.2.0-n7su7jf54rc7l2ozegds5xksy6qhrjin/bin/gcc -std=c11 -ggdb -O3 -Wall -Wno-format-security -Wno-unknown-pragmas -Wno-unused-function -I/usr/lib/x86_64-linux-gnu/openmpi/include/ -I/usr/include/hdf5/serial/ -DH5_USE_16_API    -I./run/examples/cosmo_box_gravity_only_3d//build -c src/debug_md5/Md5.c -o run/examples/cosmo_box_gravity_only_3d//build/debug_md5/Md5.o
/cm/shared/apps/spack/cpu/opt/spack/linux-centos8-zen/gcc-8.3.1/gcc-10.2.0-n7su7jf54rc7l2ozegds5xksy6qhrjin/bin/gcc -std=c11 -ggdb -O3 -Wall -Wno-format-security -Wno-unknown-pragmas -Wno-unused-function -I/usr/lib/x86_64-linux-gnu/openmpi/include/ -I/usr/include/hdf5/serial/ -DH5_USE_16_API    -I./run/examples/cosmo_box_gravity_only_3d//build -c src/domain/domain.c -o run/examples/cosmo_box_gravity_only_3d//build/domain/domain.o
/cm/shared/apps/spack/cpu/opt/spack/linux-centos8-zen/gcc-8.3.1/gcc-10.2.0-n7su7jf54rc7l2ozegds5xksy6qhrjin/bin/gcc -std=c11 -ggdb -O3 -Wall -Wno-format-security -Wno-unknown-pragmas -Wno-unused-function -I/usr/lib/x86_64-linux-gnu/openmpi/include/ -I/usr/include/hdf5/serial/ -DH5_USE_16_API    -I./run/examples/cosmo_box_gravity_only_3d//build -c src/domain/domain_balance.c -o run/examples/cosmo_box_gravity_only_3d//build/domain/domain_balance.o
/cm/shared/apps/spack/cpu/opt/spack/linux-centos8-zen/gcc-8.3.1/gcc-10.2.0-n7su7jf54rc7l2ozegds5xksy6qhrjin/bin/gcc -std=c11 -ggdb -O3 -Wall -Wno-format-security -Wno-unknown-pragmas -Wno-unused-function -I/usr/lib/x86_64-linux-gnu/openmpi/include/ -I/usr/include/hdf5/serial/ -DH5_USE_16_API    -I./run/examples/cosmo_box_gravity_only_3d//build -c src/domain/domain_box.c -o run/examples/cosmo_box_gravity_only_3d//build/domain/domain_box.o
/cm/shared/apps/spack/cpu/opt/spack/linux-centos8-zen/gcc-8.3.1/gcc-10.2.0-n7su7jf54rc7l2ozegds5xksy6qhrjin/bin/gcc -std=c11 -ggdb -O3 -Wall -Wno-format-security -Wno-unknown-pragmas -Wno-unused-function -I/usr/lib/x86_64-linux-gnu/openmpi/include/ -I/usr/include/hdf5/serial/ -DH5_USE_16_API    -I./run/examples/cosmo_box_gravity_only_3d//build -c src/domain/domain_counttogo.c -o run/examples/cosmo_box_gravity_only_3d//build/domain/domain_counttogo.o
/cm/shared/apps/spack/cpu/opt/spack/linux-centos8-zen/gcc-8.3.1/gcc-10.2.0-n7su7jf54rc7l2ozegds5xksy6qhrjin/bin/gcc -std=c11 -ggdb -O3 -Wall -Wno-format-security -Wno-unknown-pragmas -Wno-unused-function -I/usr/lib/x86_64-linux-gnu/openmpi/include/ -I/usr/include/hdf5/serial/ -DH5_USE_16_API    -I./run/examples/cosmo_box_gravity_only_3d//build -c src/domain/domain_DC_update.c -o run/examples/cosmo_box_gravity_only_3d//build/domain/domain_DC_update.o
/cm/shared/apps/spack/cpu/opt/spack/linux-centos8-zen/gcc-8.3.1/gcc-10.2.0-n7su7jf54rc7l2ozegds5xksy6qhrjin/bin/gcc -std=c11 -ggdb -O3 -Wall -Wno-format-security -Wno-unknown-pragmas -Wno-unused-function -I/usr/lib/x86_64-linux-gnu/openmpi/include/ -I/usr/include/hdf5/serial/ -DH5_USE_16_API    -I./run/examples/cosmo_box_gravity_only_3d//build -c src/domain/domain_exchange.c -o run/examples/cosmo_box_gravity_only_3d//build/domain/domain_exchange.o
/cm/shared/apps/spack/cpu/opt/spack/linux-centos8-zen/gcc-8.3.1/gcc-10.2.0-n7su7jf54rc7l2ozegds5xksy6qhrjin/bin/gcc -std=c11 -ggdb -O3 -Wall -Wno-format-security -Wno-unknown-pragmas -Wno-unused-function -I/usr/lib/x86_64-linux-gnu/openmpi/include/ -I/usr/include/hdf5/serial/ -DH5_USE_16_API    -I./run/examples/cosmo_box_gravity_only_3d//build -c src/domain/domain_rearrange.c -o run/examples/cosmo_box_gravity_only_3d//build/domain/domain_rearrange.o
/cm/shared/apps/spack/cpu/opt/spack/linux-centos8-zen/gcc-8.3.1/gcc-10.2.0-n7su7jf54rc7l2ozegds5xksy6qhrjin/bin/gcc -std=c11 -ggdb -O3 -Wall -Wno-format-security -Wno-unknown-pragmas -Wno-unused-function -I/usr/lib/x86_64-linux-gnu/openmpi/include/ -I/usr/include/hdf5/serial/ -DH5_USE_16_API    -I./run/examples/cosmo_box_gravity_only_3d//build -c src/domain/domain_sort_kernels.c -o run/examples/cosmo_box_gravity_only_3d//build/domain/domain_sort_kernels.o
/cm/shared/apps/spack/cpu/opt/spack/linux-centos8-zen/gcc-8.3.1/gcc-10.2.0-n7su7jf54rc7l2ozegds5xksy6qhrjin/bin/gcc -std=c11 -ggdb -O3 -Wall -Wno-format-security -Wno-unknown-pragmas -Wno-unused-function -I/usr/lib/x86_64-linux-gnu/openmpi/include/ -I/usr/include/hdf5/serial/ -DH5_USE_16_API    -I./run/examples/cosmo_box_gravity_only_3d//build -c src/domain/domain_toplevel.c -o run/examples/cosmo_box_gravity_only_3d//build/domain/domain_toplevel.o
/cm/shared/apps/spack/cpu/opt/spack/linux-centos8-zen/gcc-8.3.1/gcc-10.2.0-n7su7jf54rc7l2ozegds5xksy6qhrjin/bin/gcc -std=c11 -ggdb -O3 -Wall -Wno-format-security -Wno-unknown-pragmas -Wno-unused-function -I/usr/lib/x86_64-linux-gnu/openmpi/include/ -I/usr/include/hdf5/serial/ -DH5_USE_16_API    -I./run/examples/cosmo_box_gravity_only_3d//build -c src/domain/domain_vars.c -o run/examples/cosmo_box_gravity_only_3d//build/domain/domain_vars.o
/cm/shared/apps/spack/cpu/opt/spack/linux-centos8-zen/gcc-8.3.1/gcc-10.2.0-n7su7jf54rc7l2ozegds5xksy6qhrjin/bin/gcc -std=c11 -ggdb -O3 -Wall -Wno-format-security -Wno-unknown-pragmas -Wno-unused-function -I/usr/lib/x86_64-linux-gnu/openmpi/include/ -I/usr/include/hdf5/serial/ -DH5_USE_16_API    -I./run/examples/cosmo_box_gravity_only_3d//build -c src/domain/peano.c -o run/examples/cosmo_box_gravity_only_3d//build/domain/peano.o
/cm/shared/apps/spack/cpu/opt/spack/linux-centos8-zen/gcc-8.3.1/gcc-10.2.0-n7su7jf54rc7l2ozegds5xksy6qhrjin/bin/gcc -std=c11 -ggdb -O3 -Wall -Wno-format-security -Wno-unknown-pragmas -Wno-unused-function -I/usr/lib/x86_64-linux-gnu/openmpi/include/ -I/usr/include/hdf5/serial/ -DH5_USE_16_API    -I./run/examples/cosmo_box_gravity_only_3d//build -c src/gravity/accel.c -o run/examples/cosmo_box_gravity_only_3d//build/gravity/accel.o
/cm/shared/apps/spack/cpu/opt/spack/linux-centos8-zen/gcc-8.3.1/gcc-10.2.0-n7su7jf54rc7l2ozegds5xksy6qhrjin/bin/gcc -std=c11 -ggdb -O3 -Wall -Wno-format-security -Wno-unknown-pragmas -Wno-unused-function -I/usr/lib/x86_64-linux-gnu/openmpi/include/ -I/usr/include/hdf5/serial/ -DH5_USE_16_API    -I./run/examples/cosmo_box_gravity_only_3d//build -c src/gravity/forcetree.c -o run/examples/cosmo_box_gravity_only_3d//build/gravity/forcetree.o
/cm/shared/apps/spack/cpu/opt/spack/linux-centos8-zen/gcc-8.3.1/gcc-10.2.0-n7su7jf54rc7l2ozegds5xksy6qhrjin/bin/gcc -std=c11 -ggdb -O3 -Wall -Wno-format-security -Wno-unknown-pragmas -Wno-unused-function -I/usr/lib/x86_64-linux-gnu/openmpi/include/ -I/usr/include/hdf5/serial/ -DH5_USE_16_API    -I./run/examples/cosmo_box_gravity_only_3d//build -c src/gravity/forcetree_ewald.c -o run/examples/cosmo_box_gravity_only_3d//build/gravity/forcetree_ewald.o
/cm/shared/apps/spack/cpu/opt/spack/linux-centos8-zen/gcc-8.3.1/gcc-10.2.0-n7su7jf54rc7l2ozegds5xksy6qhrjin/bin/gcc -std=c11 -ggdb -O3 -Wall -Wno-format-security -Wno-unknown-pragmas -Wno-unused-function -I/usr/lib/x86_64-linux-gnu/openmpi/include/ -I/usr/include/hdf5/serial/ -DH5_USE_16_API    -I./run/examples/cosmo_box_gravity_only_3d//build -c src/gravity/forcetree_optimizebalance.c -o run/examples/cosmo_box_gravity_only_3d//build/gravity/forcetree_optimizebalance.o
/cm/shared/apps/spack/cpu/opt/spack/linux-centos8-zen/gcc-8.3.1/gcc-10.2.0-n7su7jf54rc7l2ozegds5xksy6qhrjin/bin/gcc -std=c11 -ggdb -O3 -Wall -Wno-format-security -Wno-unknown-pragmas -Wno-unused-function -I/usr/lib/x86_64-linux-gnu/openmpi/include/ -I/usr/include/hdf5/serial/ -DH5_USE_16_API    -I./run/examples/cosmo_box_gravity_only_3d//build -c src/gravity/forcetree_walk.c -o run/examples/cosmo_box_gravity_only_3d//build/gravity/forcetree_walk.o
/cm/shared/apps/spack/cpu/opt/spack/linux-centos8-zen/gcc-8.3.1/gcc-10.2.0-n7su7jf54rc7l2ozegds5xksy6qhrjin/bin/gcc -std=c11 -ggdb -O3 -Wall -Wno-format-security -Wno-unknown-pragmas -Wno-unused-function -I/usr/lib/x86_64-linux-gnu/openmpi/include/ -I/usr/include/hdf5/serial/ -DH5_USE_16_API    -I./run/examples/cosmo_box_gravity_only_3d//build -c src/gravity/grav_external.c -o run/examples/cosmo_box_gravity_only_3d//build/gravity/grav_external.o
/cm/shared/apps/spack/cpu/opt/spack/linux-centos8-zen/gcc-8.3.1/gcc-10.2.0-n7su7jf54rc7l2ozegds5xksy6qhrjin/bin/gcc -std=c11 -ggdb -O3 -Wall -Wno-format-security -Wno-unknown-pragmas -Wno-unused-function -I/usr/lib/x86_64-linux-gnu/openmpi/include/ -I/usr/include/hdf5/serial/ -DH5_USE_16_API    -I./run/examples/cosmo_box_gravity_only_3d//build -c src/gravity/grav_softening.c -o run/examples/cosmo_box_gravity_only_3d//build/gravity/grav_softening.o
/cm/shared/apps/spack/cpu/opt/spack/linux-centos8-zen/gcc-8.3.1/gcc-10.2.0-n7su7jf54rc7l2ozegds5xksy6qhrjin/bin/gcc -std=c11 -ggdb -O3 -Wall -Wno-format-security -Wno-unknown-pragmas -Wno-unused-function -I/usr/lib/x86_64-linux-gnu/openmpi/include/ -I/usr/include/hdf5/serial/ -DH5_USE_16_API    -I./run/examples/cosmo_box_gravity_only_3d//build -c src/gravity/gravdirect.c -o run/examples/cosmo_box_gravity_only_3d//build/gravity/gravdirect.o
/cm/shared/apps/spack/cpu/opt/spack/linux-centos8-zen/gcc-8.3.1/gcc-10.2.0-n7su7jf54rc7l2ozegds5xksy6qhrjin/bin/gcc -std=c11 -ggdb -O3 -Wall -Wno-format-security -Wno-unknown-pragmas -Wno-unused-function -I/usr/lib/x86_64-linux-gnu/openmpi/include/ -I/usr/include/hdf5/serial/ -DH5_USE_16_API    -I./run/examples/cosmo_box_gravity_only_3d//build -c src/gravity/gravtree.c -o run/examples/cosmo_box_gravity_only_3d//build/gravity/gravtree.o
/cm/shared/apps/spack/cpu/opt/spack/linux-centos8-zen/gcc-8.3.1/gcc-10.2.0-n7su7jf54rc7l2ozegds5xksy6qhrjin/bin/gcc -std=c11 -ggdb -O3 -Wall -Wno-format-security -Wno-unknown-pragmas -Wno-unused-function -I/usr/lib/x86_64-linux-gnu/openmpi/include/ -I/usr/include/hdf5/serial/ -DH5_USE_16_API    -I./run/examples/cosmo_box_gravity_only_3d//build -c src/gravity/gravtree_forcetest.c -o run/examples/cosmo_box_gravity_only_3d//build/gravity/gravtree_forcetest.o
/cm/shared/apps/spack/cpu/opt/spack/linux-centos8-zen/gcc-8.3.1/gcc-10.2.0-n7su7jf54rc7l2ozegds5xksy6qhrjin/bin/gcc -std=c11 -ggdb -O3 -Wall -Wno-format-security -Wno-unknown-pragmas -Wno-unused-function -I/usr/lib/x86_64-linux-gnu/openmpi/include/ -I/usr/include/hdf5/serial/ -DH5_USE_16_API    -I./run/examples/cosmo_box_gravity_only_3d//build -c src/gravity/longrange.c -o run/examples/cosmo_box_gravity_only_3d//build/gravity/longrange.o
/cm/shared/apps/spack/cpu/opt/spack/linux-centos8-zen/gcc-8.3.1/gcc-10.2.0-n7su7jf54rc7l2ozegds5xksy6qhrjin/bin/gcc -std=c11 -ggdb -O3 -Wall -Wno-format-security -Wno-unknown-pragmas -Wno-unused-function -I/usr/lib/x86_64-linux-gnu/openmpi/include/ -I/usr/include/hdf5/serial/ -DH5_USE_16_API    -I./run/examples/cosmo_box_gravity_only_3d//build -c src/gravity/pm/pm_periodic2d.c -o run/examples/cosmo_box_gravity_only_3d//build/gravity/pm/pm_periodic2d.o
/cm/shared/apps/spack/cpu/opt/spack/linux-centos8-zen/gcc-8.3.1/gcc-10.2.0-n7su7jf54rc7l2ozegds5xksy6qhrjin/bin/gcc -std=c11 -ggdb -O3 -Wall -Wno-format-security -Wno-unknown-pragmas -Wno-unused-function -I/usr/lib/x86_64-linux-gnu/openmpi/include/ -I/usr/include/hdf5/serial/ -DH5_USE_16_API    -I./run/examples/cosmo_box_gravity_only_3d//build -c src/gravity/pm/pm_periodic.c -o run/examples/cosmo_box_gravity_only_3d//build/gravity/pm/pm_periodic.o
/cm/shared/apps/spack/cpu/opt/spack/linux-centos8-zen/gcc-8.3.1/gcc-10.2.0-n7su7jf54rc7l2ozegds5xksy6qhrjin/bin/gcc -std=c11 -ggdb -O3 -Wall -Wno-format-security -Wno-unknown-pragmas -Wno-unused-function -I/usr/lib/x86_64-linux-gnu/openmpi/include/ -I/usr/include/hdf5/serial/ -DH5_USE_16_API    -I./run/examples/cosmo_box_gravity_only_3d//build -c src/gravity/pm/pm_mpi_fft.c -o run/examples/cosmo_box_gravity_only_3d//build/gravity/pm/pm_mpi_fft.o
/cm/shared/apps/spack/cpu/opt/spack/linux-centos8-zen/gcc-8.3.1/gcc-10.2.0-n7su7jf54rc7l2ozegds5xksy6qhrjin/bin/gcc -std=c11 -ggdb -O3 -Wall -Wno-format-security -Wno-unknown-pragmas -Wno-unused-function -I/usr/lib/x86_64-linux-gnu/openmpi/include/ -I/usr/include/hdf5/serial/ -DH5_USE_16_API    -I./run/examples/cosmo_box_gravity_only_3d//build -c src/gravity/pm/pm_nonperiodic.c -o run/examples/cosmo_box_gravity_only_3d//build/gravity/pm/pm_nonperiodic.o
/cm/shared/apps/spack/cpu/opt/spack/linux-centos8-zen/gcc-8.3.1/gcc-10.2.0-n7su7jf54rc7l2ozegds5xksy6qhrjin/bin/gcc -std=c11 -ggdb -O3 -Wall -Wno-format-security -Wno-unknown-pragmas -Wno-unused-function -I/usr/lib/x86_64-linux-gnu/openmpi/include/ -I/usr/include/hdf5/serial/ -DH5_USE_16_API    -I./run/examples/cosmo_box_gravity_only_3d//build -c src/hydro/finite_volume_solver.c -o run/examples/cosmo_box_gravity_only_3d//build/hydro/finite_volume_solver.o
/cm/shared/apps/spack/cpu/opt/spack/linux-centos8-zen/gcc-8.3.1/gcc-10.2.0-n7su7jf54rc7l2ozegds5xksy6qhrjin/bin/gcc -std=c11 -ggdb -O3 -Wall -Wno-format-security -Wno-unknown-pragmas -Wno-unused-function -I/usr/lib/x86_64-linux-gnu/openmpi/include/ -I/usr/include/hdf5/serial/ -DH5_USE_16_API    -I./run/examples/cosmo_box_gravity_only_3d//build -c src/hydro/gradients.c -o run/examples/cosmo_box_gravity_only_3d//build/hydro/gradients.o
/cm/shared/apps/spack/cpu/opt/spack/linux-centos8-zen/gcc-8.3.1/gcc-10.2.0-n7su7jf54rc7l2ozegds5xksy6qhrjin/bin/gcc -std=c11 -ggdb -O3 -Wall -Wno-format-security -Wno-unknown-pragmas -Wno-unused-function -I/usr/lib/x86_64-linux-gnu/openmpi/include/ -I/usr/include/hdf5/serial/ -DH5_USE_16_API    -I./run/examples/cosmo_box_gravity_only_3d//build -c src/hydro/riemann.c -o run/examples/cosmo_box_gravity_only_3d//build/hydro/riemann.o
/cm/shared/apps/spack/cpu/opt/spack/linux-centos8-zen/gcc-8.3.1/gcc-10.2.0-n7su7jf54rc7l2ozegds5xksy6qhrjin/bin/gcc -std=c11 -ggdb -O3 -Wall -Wno-format-security -Wno-unknown-pragmas -Wno-unused-function -I/usr/lib/x86_64-linux-gnu/openmpi/include/ -I/usr/include/hdf5/serial/ -DH5_USE_16_API    -I./run/examples/cosmo_box_gravity_only_3d//build -c src/hydro/riemann_hllc.c -o run/examples/cosmo_box_gravity_only_3d//build/hydro/riemann_hllc.o
/cm/shared/apps/spack/cpu/opt/spack/linux-centos8-zen/gcc-8.3.1/gcc-10.2.0-n7su7jf54rc7l2ozegds5xksy6qhrjin/bin/gcc -std=c11 -ggdb -O3 -Wall -Wno-format-security -Wno-unknown-pragmas -Wno-unused-function -I/usr/lib/x86_64-linux-gnu/openmpi/include/ -I/usr/include/hdf5/serial/ -DH5_USE_16_API    -I./run/examples/cosmo_box_gravity_only_3d//build -c src/hydro/riemann_hlld.c -o run/examples/cosmo_box_gravity_only_3d//build/hydro/riemann_hlld.o
/cm/shared/apps/spack/cpu/opt/spack/linux-centos8-zen/gcc-8.3.1/gcc-10.2.0-n7su7jf54rc7l2ozegds5xksy6qhrjin/bin/gcc -std=c11 -ggdb -O3 -Wall -Wno-format-security -Wno-unknown-pragmas -Wno-unused-function -I/usr/lib/x86_64-linux-gnu/openmpi/include/ -I/usr/include/hdf5/serial/ -DH5_USE_16_API    -I./run/examples/cosmo_box_gravity_only_3d//build -c src/hydro/scalars.c -o run/examples/cosmo_box_gravity_only_3d//build/hydro/scalars.o
/cm/shared/apps/spack/cpu/opt/spack/linux-centos8-zen/gcc-8.3.1/gcc-10.2.0-n7su7jf54rc7l2ozegds5xksy6qhrjin/bin/gcc -std=c11 -ggdb -O3 -Wall -Wno-format-security -Wno-unknown-pragmas -Wno-unused-function -I/usr/lib/x86_64-linux-gnu/openmpi/include/ -I/usr/include/hdf5/serial/ -DH5_USE_16_API    -I./run/examples/cosmo_box_gravity_only_3d//build -c src/hydro/update_primitive_variables.c -o run/examples/cosmo_box_gravity_only_3d//build/hydro/update_primitive_variables.o
/cm/shared/apps/spack/cpu/opt/spack/linux-centos8-zen/gcc-8.3.1/gcc-10.2.0-n7su7jf54rc7l2ozegds5xksy6qhrjin/bin/gcc -std=c11 -ggdb -O3 -Wall -Wno-format-security -Wno-unknown-pragmas -Wno-unused-function -I/usr/lib/x86_64-linux-gnu/openmpi/include/ -I/usr/include/hdf5/serial/ -DH5_USE_16_API    -I./run/examples/cosmo_box_gravity_only_3d//build -c src/init/begrun.c -o run/examples/cosmo_box_gravity_only_3d//build/init/begrun.o
/cm/shared/apps/spack/cpu/opt/spack/linux-centos8-zen/gcc-8.3.1/gcc-10.2.0-n7su7jf54rc7l2ozegds5xksy6qhrjin/bin/gcc -std=c11 -ggdb -O3 -Wall -Wno-format-security -Wno-unknown-pragmas -Wno-unused-function -I/usr/lib/x86_64-linux-gnu/openmpi/include/ -I/usr/include/hdf5/serial/ -DH5_USE_16_API    -I./run/examples/cosmo_box_gravity_only_3d//build -c src/init/density.c -o run/examples/cosmo_box_gravity_only_3d//build/init/density.o
/cm/shared/apps/spack/cpu/opt/spack/linux-centos8-zen/gcc-8.3.1/gcc-10.2.0-n7su7jf54rc7l2ozegds5xksy6qhrjin/bin/gcc -std=c11 -ggdb -O3 -Wall -Wno-format-security -Wno-unknown-pragmas -Wno-unused-function -I/usr/lib/x86_64-linux-gnu/openmpi/include/ -I/usr/include/hdf5/serial/ -DH5_USE_16_API    -I./run/examples/cosmo_box_gravity_only_3d//build -c src/init/init.c -o run/examples/cosmo_box_gravity_only_3d//build/init/init.o
/cm/shared/apps/spack/cpu/opt/spack/linux-centos8-zen/gcc-8.3.1/gcc-10.2.0-n7su7jf54rc7l2ozegds5xksy6qhrjin/bin/gcc -std=c11 -ggdb -O3 -Wall -Wno-format-security -Wno-unknown-pragmas -Wno-unused-function -I/usr/lib/x86_64-linux-gnu/openmpi/include/ -I/usr/include/hdf5/serial/ -DH5_USE_16_API    -I./run/examples/cosmo_box_gravity_only_3d//build -c src/io/global.c -o run/examples/cosmo_box_gravity_only_3d//build/io/global.o
/cm/shared/apps/spack/cpu/opt/spack/linux-centos8-zen/gcc-8.3.1/gcc-10.2.0-n7su7jf54rc7l2ozegds5xksy6qhrjin/bin/gcc -std=c11 -ggdb -O3 -Wall -Wno-format-security -Wno-unknown-pragmas -Wno-unused-function -I/usr/lib/x86_64-linux-gnu/openmpi/include/ -I/usr/include/hdf5/serial/ -DH5_USE_16_API    -I./run/examples/cosmo_box_gravity_only_3d//build -c src/io/hdf5_util.c -o run/examples/cosmo_box_gravity_only_3d//build/io/hdf5_util.o
/cm/shared/apps/spack/cpu/opt/spack/linux-centos8-zen/gcc-8.3.1/gcc-10.2.0-n7su7jf54rc7l2ozegds5xksy6qhrjin/bin/gcc -std=c11 -ggdb -O3 -Wall -Wno-format-security -Wno-unknown-pragmas -Wno-unused-function -I/usr/lib/x86_64-linux-gnu/openmpi/include/ -I/usr/include/hdf5/serial/ -DH5_USE_16_API    -I./run/examples/cosmo_box_gravity_only_3d//build -c src/io/io.c -o run/examples/cosmo_box_gravity_only_3d//build/io/io.o
/cm/shared/apps/spack/cpu/opt/spack/linux-centos8-zen/gcc-8.3.1/gcc-10.2.0-n7su7jf54rc7l2ozegds5xksy6qhrjin/bin/gcc -std=c11 -ggdb -O3 -Wall -Wno-format-security -Wno-unknown-pragmas -Wno-unused-function -I/usr/lib/x86_64-linux-gnu/openmpi/include/ -I/usr/include/hdf5/serial/ -DH5_USE_16_API    -I./run/examples/cosmo_box_gravity_only_3d//build -c src/io/io_fields.c -o run/examples/cosmo_box_gravity_only_3d//build/io/io_fields.o
/cm/shared/apps/spack/cpu/opt/spack/linux-centos8-zen/gcc-8.3.1/gcc-10.2.0-n7su7jf54rc7l2ozegds5xksy6qhrjin/bin/gcc -std=c11 -ggdb -O3 -Wall -Wno-format-security -Wno-unknown-pragmas -Wno-unused-function -I/usr/lib/x86_64-linux-gnu/openmpi/include/ -I/usr/include/hdf5/serial/ -DH5_USE_16_API    -I./run/examples/cosmo_box_gravity_only_3d//build -c src/io/logs.c -o run/examples/cosmo_box_gravity_only_3d//build/io/logs.o
/cm/shared/apps/spack/cpu/opt/spack/linux-centos8-zen/gcc-8.3.1/gcc-10.2.0-n7su7jf54rc7l2ozegds5xksy6qhrjin/bin/gcc -std=c11 -ggdb -O3 -Wall -Wno-format-security -Wno-unknown-pragmas -Wno-unused-function -I/usr/lib/x86_64-linux-gnu/openmpi/include/ -I/usr/include/hdf5/serial/ -DH5_USE_16_API    -I./run/examples/cosmo_box_gravity_only_3d//build -c src/io/parameters.c -o run/examples/cosmo_box_gravity_only_3d//build/io/parameters.o
/cm/shared/apps/spack/cpu/opt/spack/linux-centos8-zen/gcc-8.3.1/gcc-10.2.0-n7su7jf54rc7l2ozegds5xksy6qhrjin/bin/gcc -std=c11 -ggdb -O3 -Wall -Wno-format-security -Wno-unknown-pragmas -Wno-unused-function -I/usr/lib/x86_64-linux-gnu/openmpi/include/ -I/usr/include/hdf5/serial/ -DH5_USE_16_API    -I./run/examples/cosmo_box_gravity_only_3d//build -c src/io/read_ic.c -o run/examples/cosmo_box_gravity_only_3d//build/io/read_ic.o
/cm/shared/apps/spack/cpu/opt/spack/linux-centos8-zen/gcc-8.3.1/gcc-10.2.0-n7su7jf54rc7l2ozegds5xksy6qhrjin/bin/gcc -std=c11 -ggdb -O3 -Wall -Wno-format-security -Wno-unknown-pragmas -Wno-unused-function -I/usr/lib/x86_64-linux-gnu/openmpi/include/ -I/usr/include/hdf5/serial/ -DH5_USE_16_API    -I./run/examples/cosmo_box_gravity_only_3d//build -c src/io/restart.c -o run/examples/cosmo_box_gravity_only_3d//build/io/restart.o
/cm/shared/apps/spack/cpu/opt/spack/linux-centos8-zen/gcc-8.3.1/gcc-10.2.0-n7su7jf54rc7l2ozegds5xksy6qhrjin/bin/gcc -std=c11 -ggdb -O3 -Wall -Wno-format-security -Wno-unknown-pragmas -Wno-unused-function -I/usr/lib/x86_64-linux-gnu/openmpi/include/ -I/usr/include/hdf5/serial/ -DH5_USE_16_API    -I./run/examples/cosmo_box_gravity_only_3d//build -c src/main/allvars.c -o run/examples/cosmo_box_gravity_only_3d//build/main/allvars.o
/cm/shared/apps/spack/cpu/opt/spack/linux-centos8-zen/gcc-8.3.1/gcc-10.2.0-n7su7jf54rc7l2ozegds5xksy6qhrjin/bin/gcc -std=c11 -ggdb -O3 -Wall -Wno-format-security -Wno-unknown-pragmas -Wno-unused-function -I/usr/lib/x86_64-linux-gnu/openmpi/include/ -I/usr/include/hdf5/serial/ -DH5_USE_16_API    -I./run/examples/cosmo_box_gravity_only_3d//build -c src/main/main.c -o run/examples/cosmo_box_gravity_only_3d//build/main/main.o
/cm/shared/apps/spack/cpu/opt/spack/linux-centos8-zen/gcc-8.3.1/gcc-10.2.0-n7su7jf54rc7l2ozegds5xksy6qhrjin/bin/gcc -std=c11 -ggdb -O3 -Wall -Wno-format-security -Wno-unknown-pragmas -Wno-unused-function -I/usr/lib/x86_64-linux-gnu/openmpi/include/ -I/usr/include/hdf5/serial/ -DH5_USE_16_API    -I./run/examples/cosmo_box_gravity_only_3d//build -c src/main/run.c -o run/examples/cosmo_box_gravity_only_3d//build/main/run.o
/cm/shared/apps/spack/cpu/opt/spack/linux-centos8-zen/gcc-8.3.1/gcc-10.2.0-n7su7jf54rc7l2ozegds5xksy6qhrjin/bin/gcc -std=c11 -ggdb -O3 -Wall -Wno-format-security -Wno-unknown-pragmas -Wno-unused-function -I/usr/lib/x86_64-linux-gnu/openmpi/include/ -I/usr/include/hdf5/serial/ -DH5_USE_16_API    -I./run/examples/cosmo_box_gravity_only_3d//build -c src/mesh/criterion_derefinement.c -o run/examples/cosmo_box_gravity_only_3d//build/mesh/criterion_derefinement.o
/cm/shared/apps/spack/cpu/opt/spack/linux-centos8-zen/gcc-8.3.1/gcc-10.2.0-n7su7jf54rc7l2ozegds5xksy6qhrjin/bin/gcc -std=c11 -ggdb -O3 -Wall -Wno-format-security -Wno-unknown-pragmas -Wno-unused-function -I/usr/lib/x86_64-linux-gnu/openmpi/include/ -I/usr/include/hdf5/serial/ -DH5_USE_16_API    -I./run/examples/cosmo_box_gravity_only_3d//build -c src/mesh/criterion_refinement.c -o run/examples/cosmo_box_gravity_only_3d//build/mesh/criterion_refinement.o
/cm/shared/apps/spack/cpu/opt/spack/linux-centos8-zen/gcc-8.3.1/gcc-10.2.0-n7su7jf54rc7l2ozegds5xksy6qhrjin/bin/gcc -std=c11 -ggdb -O3 -Wall -Wno-format-security -Wno-unknown-pragmas -Wno-unused-function -I/usr/lib/x86_64-linux-gnu/openmpi/include/ -I/usr/include/hdf5/serial/ -DH5_USE_16_API    -I./run/examples/cosmo_box_gravity_only_3d//build -c src/mesh/refinement.c -o run/examples/cosmo_box_gravity_only_3d//build/mesh/refinement.o
/cm/shared/apps/spack/cpu/opt/spack/linux-centos8-zen/gcc-8.3.1/gcc-10.2.0-n7su7jf54rc7l2ozegds5xksy6qhrjin/bin/gcc -std=c11 -ggdb -O3 -Wall -Wno-format-security -Wno-unknown-pragmas -Wno-unused-function -I/usr/lib/x86_64-linux-gnu/openmpi/include/ -I/usr/include/hdf5/serial/ -DH5_USE_16_API    -I./run/examples/cosmo_box_gravity_only_3d//build -c src/mesh/set_vertex_velocities.c -o run/examples/cosmo_box_gravity_only_3d//build/mesh/set_vertex_velocities.o
/cm/shared/apps/spack/cpu/opt/spack/linux-centos8-zen/gcc-8.3.1/gcc-10.2.0-n7su7jf54rc7l2ozegds5xksy6qhrjin/bin/gcc -std=c11 -ggdb -O3 -Wall -Wno-format-security -Wno-unknown-pragmas -Wno-unused-function -I/usr/lib/x86_64-linux-gnu/openmpi/include/ -I/usr/include/hdf5/serial/ -DH5_USE_16_API    -I./run/examples/cosmo_box_gravity_only_3d//build -c src/mesh/voronoi/voronoi.c -o run/examples/cosmo_box_gravity_only_3d//build/mesh/voronoi/voronoi.o
/cm/shared/apps/spack/cpu/opt/spack/linux-centos8-zen/gcc-8.3.1/gcc-10.2.0-n7su7jf54rc7l2ozegds5xksy6qhrjin/bin/gcc -std=c11 -ggdb -O3 -Wall -Wno-format-security -Wno-unknown-pragmas -Wno-unused-function -I/usr/lib/x86_64-linux-gnu/openmpi/include/ -I/usr/include/hdf5/serial/ -DH5_USE_16_API    -I./run/examples/cosmo_box_gravity_only_3d//build -c src/mesh/voronoi/voronoi_1d.c -o run/examples/cosmo_box_gravity_only_3d//build/mesh/voronoi/voronoi_1d.o
/cm/shared/apps/spack/cpu/opt/spack/linux-centos8-zen/gcc-8.3.1/gcc-10.2.0-n7su7jf54rc7l2ozegds5xksy6qhrjin/bin/gcc -std=c11 -ggdb -O3 -Wall -Wno-format-security -Wno-unknown-pragmas -Wno-unused-function -I/usr/lib/x86_64-linux-gnu/openmpi/include/ -I/usr/include/hdf5/serial/ -DH5_USE_16_API    -I./run/examples/cosmo_box_gravity_only_3d//build -c src/mesh/voronoi/voronoi_1d_spherical.c -o run/examples/cosmo_box_gravity_only_3d//build/mesh/voronoi/voronoi_1d_spherical.o
/cm/shared/apps/spack/cpu/opt/spack/linux-centos8-zen/gcc-8.3.1/gcc-10.2.0-n7su7jf54rc7l2ozegds5xksy6qhrjin/bin/gcc -std=c11 -ggdb -O3 -Wall -Wno-format-security -Wno-unknown-pragmas -Wno-unused-function -I/usr/lib/x86_64-linux-gnu/openmpi/include/ -I/usr/include/hdf5/serial/ -DH5_USE_16_API    -I./run/examples/cosmo_box_gravity_only_3d//build -c src/mesh/voronoi/voronoi_3d.c -o run/examples/cosmo_box_gravity_only_3d//build/mesh/voronoi/voronoi_3d.o
/cm/shared/apps/spack/cpu/opt/spack/linux-centos8-zen/gcc-8.3.1/gcc-10.2.0-n7su7jf54rc7l2ozegds5xksy6qhrjin/bin/gcc -std=c11 -ggdb -O3 -Wall -Wno-format-security -Wno-unknown-pragmas -Wno-unused-function -I/usr/lib/x86_64-linux-gnu/openmpi/include/ -I/usr/include/hdf5/serial/ -DH5_USE_16_API    -I./run/examples/cosmo_box_gravity_only_3d//build -c src/mesh/voronoi/voronoi_check.c -o run/examples/cosmo_box_gravity_only_3d//build/mesh/voronoi/voronoi_check.o
/cm/shared/apps/spack/cpu/opt/spack/linux-centos8-zen/gcc-8.3.1/gcc-10.2.0-n7su7jf54rc7l2ozegds5xksy6qhrjin/bin/gcc -std=c11 -ggdb -O3 -Wall -Wno-format-security -Wno-unknown-pragmas -Wno-unused-function -I/usr/lib/x86_64-linux-gnu/openmpi/include/ -I/usr/include/hdf5/serial/ -DH5_USE_16_API    -I./run/examples/cosmo_box_gravity_only_3d//build -c src/mesh/voronoi/voronoi_derefinement.c -o run/examples/cosmo_box_gravity_only_3d//build/mesh/voronoi/voronoi_derefinement.o
/cm/shared/apps/spack/cpu/opt/spack/linux-centos8-zen/gcc-8.3.1/gcc-10.2.0-n7su7jf54rc7l2ozegds5xksy6qhrjin/bin/gcc -std=c11 -ggdb -O3 -Wall -Wno-format-security -Wno-unknown-pragmas -Wno-unused-function -I/usr/lib/x86_64-linux-gnu/openmpi/include/ -I/usr/include/hdf5/serial/ -DH5_USE_16_API    -I./run/examples/cosmo_box_gravity_only_3d//build -c src/mesh/voronoi/voronoi_dynamic_update.c -o run/examples/cosmo_box_gravity_only_3d//build/mesh/voronoi/voronoi_dynamic_update.o
/cm/shared/apps/spack/cpu/opt/spack/linux-centos8-zen/gcc-8.3.1/gcc-10.2.0-n7su7jf54rc7l2ozegds5xksy6qhrjin/bin/gcc -std=c11 -ggdb -O3 -Wall -Wno-format-security -Wno-unknown-pragmas -Wno-unused-function -I/usr/lib/x86_64-linux-gnu/openmpi/include/ -I/usr/include/hdf5/serial/ -DH5_USE_16_API    -I./run/examples/cosmo_box_gravity_only_3d//build -c src/mesh/voronoi/voronoi_exchange.c -o run/examples/cosmo_box_gravity_only_3d//build/mesh/voronoi/voronoi_exchange.o
/cm/shared/apps/spack/cpu/opt/spack/linux-centos8-zen/gcc-8.3.1/gcc-10.2.0-n7su7jf54rc7l2ozegds5xksy6qhrjin/bin/gcc -std=c11 -ggdb -O3 -Wall -Wno-format-security -Wno-unknown-pragmas -Wno-unused-function -I/usr/lib/x86_64-linux-gnu/openmpi/include/ -I/usr/include/hdf5/serial/ -DH5_USE_16_API    -I./run/examples/cosmo_box_gravity_only_3d//build -c src/mesh/voronoi/voronoi_ghost_search.c -o run/examples/cosmo_box_gravity_only_3d//build/mesh/voronoi/voronoi_ghost_search.o
/cm/shared/apps/spack/cpu/opt/spack/linux-centos8-zen/gcc-8.3.1/gcc-10.2.0-n7su7jf54rc7l2ozegds5xksy6qhrjin/bin/gcc -std=c11 -ggdb -O3 -Wall -Wno-format-security -Wno-unknown-pragmas -Wno-unused-function -I/usr/lib/x86_64-linux-gnu/openmpi/include/ -I/usr/include/hdf5/serial/ -DH5_USE_16_API    -I./run/examples/cosmo_box_gravity_only_3d//build -c src/mesh/voronoi/voronoi_gradients_lsf.c -o run/examples/cosmo_box_gravity_only_3d//build/mesh/voronoi/voronoi_gradients_lsf.o
/cm/shared/apps/spack/cpu/opt/spack/linux-centos8-zen/gcc-8.3.1/gcc-10.2.0-n7su7jf54rc7l2ozegds5xksy6qhrjin/bin/gcc -std=c11 -ggdb -O3 -Wall -Wno-format-security -Wno-unknown-pragmas -Wno-unused-function -I/usr/lib/x86_64-linux-gnu/openmpi/include/ -I/usr/include/hdf5/serial/ -DH5_USE_16_API    -I./run/examples/cosmo_box_gravity_only_3d//build -c src/mesh/voronoi/voronoi_gradients_onedims.c -o run/examples/cosmo_box_gravity_only_3d//build/mesh/voronoi/voronoi_gradients_onedims.o
/cm/shared/apps/spack/cpu/opt/spack/linux-centos8-zen/gcc-8.3.1/gcc-10.2.0-n7su7jf54rc7l2ozegds5xksy6qhrjin/bin/gcc -std=c11 -ggdb -O3 -Wall -Wno-format-security -Wno-unknown-pragmas -Wno-unused-function -I/usr/lib/x86_64-linux-gnu/openmpi/include/ -I/usr/include/hdf5/serial/ -DH5_USE_16_API    -I./run/examples/cosmo_box_gravity_only_3d//build -c src/mesh/voronoi/voronoi_refinement.c -o run/examples/cosmo_box_gravity_only_3d//build/mesh/voronoi/voronoi_refinement.o
/cm/shared/apps/spack/cpu/opt/spack/linux-centos8-zen/gcc-8.3.1/gcc-10.2.0-n7su7jf54rc7l2ozegds5xksy6qhrjin/bin/gcc -std=c11 -ggdb -O3 -Wall -Wno-format-security -Wno-unknown-pragmas -Wno-unused-function -I/usr/lib/x86_64-linux-gnu/openmpi/include/ -I/usr/include/hdf5/serial/ -DH5_USE_16_API    -I./run/examples/cosmo_box_gravity_only_3d//build -c src/mesh/voronoi/voronoi_utils.c -o run/examples/cosmo_box_gravity_only_3d//build/mesh/voronoi/voronoi_utils.o
/cm/shared/apps/spack/cpu/opt/spack/linux-centos8-zen/gcc-8.3.1/gcc-10.2.0-n7su7jf54rc7l2ozegds5xksy6qhrjin/bin/gcc -std=c11 -ggdb -O3 -Wall -Wno-format-security -Wno-unknown-pragmas -Wno-unused-function -I/usr/lib/x86_64-linux-gnu/openmpi/include/ -I/usr/include/hdf5/serial/ -DH5_USE_16_API    -I./run/examples/cosmo_box_gravity_only_3d//build -c src/mpi_utils/checksummed_sendrecv.c -o run/examples/cosmo_box_gravity_only_3d//build/mpi_utils/checksummed_sendrecv.o
/cm/shared/apps/spack/cpu/opt/spack/linux-centos8-zen/gcc-8.3.1/gcc-10.2.0-n7su7jf54rc7l2ozegds5xksy6qhrjin/bin/gcc -std=c11 -ggdb -O3 -Wall -Wno-format-security -Wno-unknown-pragmas -Wno-unused-function -I/usr/lib/x86_64-linux-gnu/openmpi/include/ -I/usr/include/hdf5/serial/ -DH5_USE_16_API    -I./run/examples/cosmo_box_gravity_only_3d//build -c src/mpi_utils/hypercube_allgatherv.c -o run/examples/cosmo_box_gravity_only_3d//build/mpi_utils/hypercube_allgatherv.o
/cm/shared/apps/spack/cpu/opt/spack/linux-centos8-zen/gcc-8.3.1/gcc-10.2.0-n7su7jf54rc7l2ozegds5xksy6qhrjin/bin/gcc -std=c11 -ggdb -O3 -Wall -Wno-format-security -Wno-unknown-pragmas -Wno-unused-function -I/usr/lib/x86_64-linux-gnu/openmpi/include/ -I/usr/include/hdf5/serial/ -DH5_USE_16_API    -I./run/examples/cosmo_box_gravity_only_3d//build -c src/mpi_utils/mpi_util.c -o run/examples/cosmo_box_gravity_only_3d//build/mpi_utils/mpi_util.o
/cm/shared/apps/spack/cpu/opt/spack/linux-centos8-zen/gcc-8.3.1/gcc-10.2.0-n7su7jf54rc7l2ozegds5xksy6qhrjin/bin/gcc -std=c11 -ggdb -O3 -Wall -Wno-format-security -Wno-unknown-pragmas -Wno-unused-function -I/usr/lib/x86_64-linux-gnu/openmpi/include/ -I/usr/include/hdf5/serial/ -DH5_USE_16_API    -I./run/examples/cosmo_box_gravity_only_3d//build -c src/mpi_utils/myalltoall.c -o run/examples/cosmo_box_gravity_only_3d//build/mpi_utils/myalltoall.o
/cm/shared/apps/spack/cpu/opt/spack/linux-centos8-zen/gcc-8.3.1/gcc-10.2.0-n7su7jf54rc7l2ozegds5xksy6qhrjin/bin/gcc -std=c11 -ggdb -O3 -Wall -Wno-format-security -Wno-unknown-pragmas -Wno-unused-function -I/usr/lib/x86_64-linux-gnu/openmpi/include/ -I/usr/include/hdf5/serial/ -DH5_USE_16_API    -I./run/examples/cosmo_box_gravity_only_3d//build -c src/mpi_utils/sizelimited_sendrecv.c -o run/examples/cosmo_box_gravity_only_3d//build/mpi_utils/sizelimited_sendrecv.o
/cm/shared/apps/spack/cpu/opt/spack/linux-centos8-zen/gcc-8.3.1/gcc-10.2.0-n7su7jf54rc7l2ozegds5xksy6qhrjin/bin/gcc -std=c11 -ggdb -O3 -Wall -Wno-format-security -Wno-unknown-pragmas -Wno-unused-function -I/usr/lib/x86_64-linux-gnu/openmpi/include/ -I/usr/include/hdf5/serial/ -DH5_USE_16_API    -I./run/examples/cosmo_box_gravity_only_3d//build -c src/mpi_utils/pinning.c -o run/examples/cosmo_box_gravity_only_3d//build/mpi_utils/pinning.o
/cm/shared/apps/spack/cpu/opt/spack/linux-centos8-zen/gcc-8.3.1/gcc-10.2.0-n7su7jf54rc7l2ozegds5xksy6qhrjin/bin/gcc -std=c11 -ggdb -O3 -Wall -Wno-format-security -Wno-unknown-pragmas -Wno-unused-function -I/usr/lib/x86_64-linux-gnu/openmpi/include/ -I/usr/include/hdf5/serial/ -DH5_USE_16_API    -I./run/examples/cosmo_box_gravity_only_3d//build -c src/ngbtree/ngbtree.c -o run/examples/cosmo_box_gravity_only_3d//build/ngbtree/ngbtree.o
/cm/shared/apps/spack/cpu/opt/spack/linux-centos8-zen/gcc-8.3.1/gcc-10.2.0-n7su7jf54rc7l2ozegds5xksy6qhrjin/bin/gcc -std=c11 -ggdb -O3 -Wall -Wno-format-security -Wno-unknown-pragmas -Wno-unused-function -I/usr/lib/x86_64-linux-gnu/openmpi/include/ -I/usr/include/hdf5/serial/ -DH5_USE_16_API    -I./run/examples/cosmo_box_gravity_only_3d//build -c src/ngbtree/ngbtree_search.c -o run/examples/cosmo_box_gravity_only_3d//build/ngbtree/ngbtree_search.o
/cm/shared/apps/spack/cpu/opt/spack/linux-centos8-zen/gcc-8.3.1/gcc-10.2.0-n7su7jf54rc7l2ozegds5xksy6qhrjin/bin/gcc -std=c11 -ggdb -O3 -Wall -Wno-format-security -Wno-unknown-pragmas -Wno-unused-function -I/usr/lib/x86_64-linux-gnu/openmpi/include/ -I/usr/include/hdf5/serial/ -DH5_USE_16_API    -I./run/examples/cosmo_box_gravity_only_3d//build -c src/ngbtree/ngbtree_walk.c -o run/examples/cosmo_box_gravity_only_3d//build/ngbtree/ngbtree_walk.o
/cm/shared/apps/spack/cpu/opt/spack/linux-centos8-zen/gcc-8.3.1/gcc-10.2.0-n7su7jf54rc7l2ozegds5xksy6qhrjin/bin/gcc -std=c11 -ggdb -O3 -Wall -Wno-format-security -Wno-unknown-pragmas -Wno-unused-function -I/usr/lib/x86_64-linux-gnu/openmpi/include/ -I/usr/include/hdf5/serial/ -DH5_USE_16_API    -I./run/examples/cosmo_box_gravity_only_3d//build -c src/star_formation/sfr_eEOS.c -o run/examples/cosmo_box_gravity_only_3d//build/star_formation/sfr_eEOS.o
/cm/shared/apps/spack/cpu/opt/spack/linux-centos8-zen/gcc-8.3.1/gcc-10.2.0-n7su7jf54rc7l2ozegds5xksy6qhrjin/bin/gcc -std=c11 -ggdb -O3 -Wall -Wno-format-security -Wno-unknown-pragmas -Wno-unused-function -I/usr/lib/x86_64-linux-gnu/openmpi/include/ -I/usr/include/hdf5/serial/ -DH5_USE_16_API    -I./run/examples/cosmo_box_gravity_only_3d//build -c src/star_formation/starformation.c -o run/examples/cosmo_box_gravity_only_3d//build/star_formation/starformation.o
/cm/shared/apps/spack/cpu/opt/spack/linux-centos8-zen/gcc-8.3.1/gcc-10.2.0-n7su7jf54rc7l2ozegds5xksy6qhrjin/bin/gcc -std=c11 -ggdb -O3 -Wall -Wno-format-security -Wno-unknown-pragmas -Wno-unused-function -I/usr/lib/x86_64-linux-gnu/openmpi/include/ -I/usr/include/hdf5/serial/ -DH5_USE_16_API    -I./run/examples/cosmo_box_gravity_only_3d//build -c src/time_integration/darkenergy.c -o run/examples/cosmo_box_gravity_only_3d//build/time_integration/darkenergy.o
/cm/shared/apps/spack/cpu/opt/spack/linux-centos8-zen/gcc-8.3.1/gcc-10.2.0-n7su7jf54rc7l2ozegds5xksy6qhrjin/bin/gcc -std=c11 -ggdb -O3 -Wall -Wno-format-security -Wno-unknown-pragmas -Wno-unused-function -I/usr/lib/x86_64-linux-gnu/openmpi/include/ -I/usr/include/hdf5/serial/ -DH5_USE_16_API    -I./run/examples/cosmo_box_gravity_only_3d//build -c src/time_integration/do_gravity_hydro.c -o run/examples/cosmo_box_gravity_only_3d//build/time_integration/do_gravity_hydro.o
/cm/shared/apps/spack/cpu/opt/spack/linux-centos8-zen/gcc-8.3.1/gcc-10.2.0-n7su7jf54rc7l2ozegds5xksy6qhrjin/bin/gcc -std=c11 -ggdb -O3 -Wall -Wno-format-security -Wno-unknown-pragmas -Wno-unused-function -I/usr/lib/x86_64-linux-gnu/openmpi/include/ -I/usr/include/hdf5/serial/ -DH5_USE_16_API    -I./run/examples/cosmo_box_gravity_only_3d//build -c src/time_integration/driftfac.c -o run/examples/cosmo_box_gravity_only_3d//build/time_integration/driftfac.o
/cm/shared/apps/spack/cpu/opt/spack/linux-centos8-zen/gcc-8.3.1/gcc-10.2.0-n7su7jf54rc7l2ozegds5xksy6qhrjin/bin/gcc -std=c11 -ggdb -O3 -Wall -Wno-format-security -Wno-unknown-pragmas -Wno-unused-function -I/usr/lib/x86_64-linux-gnu/openmpi/include/ -I/usr/include/hdf5/serial/ -DH5_USE_16_API    -I./run/examples/cosmo_box_gravity_only_3d//build -c src/time_integration/predict.c -o run/examples/cosmo_box_gravity_only_3d//build/time_integration/predict.o
/cm/shared/apps/spack/cpu/opt/spack/linux-centos8-zen/gcc-8.3.1/gcc-10.2.0-n7su7jf54rc7l2ozegds5xksy6qhrjin/bin/gcc -std=c11 -ggdb -O3 -Wall -Wno-format-security -Wno-unknown-pragmas -Wno-unused-function -I/usr/lib/x86_64-linux-gnu/openmpi/include/ -I/usr/include/hdf5/serial/ -DH5_USE_16_API    -I./run/examples/cosmo_box_gravity_only_3d//build -c src/time_integration/timestep.c -o run/examples/cosmo_box_gravity_only_3d//build/time_integration/timestep.o
/cm/shared/apps/spack/cpu/opt/spack/linux-centos8-zen/gcc-8.3.1/gcc-10.2.0-n7su7jf54rc7l2ozegds5xksy6qhrjin/bin/gcc -std=c11 -ggdb -O3 -Wall -Wno-format-security -Wno-unknown-pragmas -Wno-unused-function -I/usr/lib/x86_64-linux-gnu/openmpi/include/ -I/usr/include/hdf5/serial/ -DH5_USE_16_API    -I./run/examples/cosmo_box_gravity_only_3d//build -c src/time_integration/timestep_treebased.c -o run/examples/cosmo_box_gravity_only_3d//build/time_integration/timestep_treebased.o
/cm/shared/apps/spack/cpu/opt/spack/linux-centos8-zen/gcc-8.3.1/gcc-10.2.0-n7su7jf54rc7l2ozegds5xksy6qhrjin/bin/gcc -std=c11 -ggdb -O3 -Wall -Wno-format-security -Wno-unknown-pragmas -Wno-unused-function -I/usr/lib/x86_64-linux-gnu/openmpi/include/ -I/usr/include/hdf5/serial/ -DH5_USE_16_API    -I./run/examples/cosmo_box_gravity_only_3d//build -c src/utils/allocate.c -o run/examples/cosmo_box_gravity_only_3d//build/utils/allocate.o
/cm/shared/apps/spack/cpu/opt/spack/linux-centos8-zen/gcc-8.3.1/gcc-10.2.0-n7su7jf54rc7l2ozegds5xksy6qhrjin/bin/gcc -std=c11 -ggdb -O3 -Wall -Wno-format-security -Wno-unknown-pragmas -Wno-unused-function -I/usr/lib/x86_64-linux-gnu/openmpi/include/ -I/usr/include/hdf5/serial/ -DH5_USE_16_API    -I./run/examples/cosmo_box_gravity_only_3d//build -c src/utils/debug.c -o run/examples/cosmo_box_gravity_only_3d//build/utils/debug.o
/cm/shared/apps/spack/cpu/opt/spack/linux-centos8-zen/gcc-8.3.1/gcc-10.2.0-n7su7jf54rc7l2ozegds5xksy6qhrjin/bin/gcc -std=c11 -ggdb -O3 -Wall -Wno-format-security -Wno-unknown-pragmas -Wno-unused-function -I/usr/lib/x86_64-linux-gnu/openmpi/include/ -I/usr/include/hdf5/serial/ -DH5_USE_16_API    -I./run/examples/cosmo_box_gravity_only_3d//build -c src/utils/mpz_extension.c -o run/examples/cosmo_box_gravity_only_3d//build/utils/mpz_extension.o
/cm/shared/apps/spack/cpu/opt/spack/linux-centos8-zen/gcc-8.3.1/gcc-10.2.0-n7su7jf54rc7l2ozegds5xksy6qhrjin/bin/gcc -std=c11 -ggdb -O3 -Wall -Wno-format-security -Wno-unknown-pragmas -Wno-unused-function -I/usr/lib/x86_64-linux-gnu/openmpi/include/ -I/usr/include/hdf5/serial/ -DH5_USE_16_API    -I./run/examples/cosmo_box_gravity_only_3d//build -c src/utils/mymalloc.c -o run/examples/cosmo_box_gravity_only_3d//build/utils/mymalloc.o
/cm/shared/apps/spack/cpu/opt/spack/linux-centos8-zen/gcc-8.3.1/gcc-10.2.0-n7su7jf54rc7l2ozegds5xksy6qhrjin/bin/gcc -std=c11 -ggdb -O3 -Wall -Wno-format-security -Wno-unknown-pragmas -Wno-unused-function -I/usr/lib/x86_64-linux-gnu/openmpi/include/ -I/usr/include/hdf5/serial/ -DH5_USE_16_API    -I./run/examples/cosmo_box_gravity_only_3d//build -c src/utils/parallel_sort.c -o run/examples/cosmo_box_gravity_only_3d//build/utils/parallel_sort.o
/cm/shared/apps/spack/cpu/opt/spack/linux-centos8-zen/gcc-8.3.1/gcc-10.2.0-n7su7jf54rc7l2ozegds5xksy6qhrjin/bin/gcc -std=c11 -ggdb -O3 -Wall -Wno-format-security -Wno-unknown-pragmas -Wno-unused-function -I/usr/lib/x86_64-linux-gnu/openmpi/include/ -I/usr/include/hdf5/serial/ -DH5_USE_16_API    -I./run/examples/cosmo_box_gravity_only_3d//build -c src/utils/system.c -o run/examples/cosmo_box_gravity_only_3d//build/utils/system.o
/cm/shared/apps/spack/cpu/opt/spack/linux-centos8-zen/gcc-8.3.1/gcc-10.2.0-n7su7jf54rc7l2ozegds5xksy6qhrjin/bin/gcc -std=c11 -ggdb -O3 -Wall -Wno-format-security -Wno-unknown-pragmas -Wno-unused-function -I/usr/lib/x86_64-linux-gnu/openmpi/include/ -I/usr/include/hdf5/serial/ -DH5_USE_16_API    -I./run/examples/cosmo_box_gravity_only_3d//build -c src/fof/fof.c -o run/examples/cosmo_box_gravity_only_3d//build/fof/fof.o
/cm/shared/apps/spack/cpu/opt/spack/linux-centos8-zen/gcc-8.3.1/gcc-10.2.0-n7su7jf54rc7l2ozegds5xksy6qhrjin/bin/gcc -std=c11 -ggdb -O3 -Wall -Wno-format-security -Wno-unknown-pragmas -Wno-unused-function -I/usr/lib/x86_64-linux-gnu/openmpi/include/ -I/usr/include/hdf5/serial/ -DH5_USE_16_API    -I./run/examples/cosmo_box_gravity_only_3d//build -c src/fof/fof_distribute.c -o run/examples/cosmo_box_gravity_only_3d//build/fof/fof_distribute.o
/cm/shared/apps/spack/cpu/opt/spack/linux-centos8-zen/gcc-8.3.1/gcc-10.2.0-n7su7jf54rc7l2ozegds5xksy6qhrjin/bin/gcc -std=c11 -ggdb -O3 -Wall -Wno-format-security -Wno-unknown-pragmas -Wno-unused-function -I/usr/lib/x86_64-linux-gnu/openmpi/include/ -I/usr/include/hdf5/serial/ -DH5_USE_16_API    -I./run/examples/cosmo_box_gravity_only_3d//build -c src/fof/fof_findgroups.c -o run/examples/cosmo_box_gravity_only_3d//build/fof/fof_findgroups.o
/cm/shared/apps/spack/cpu/opt/spack/linux-centos8-zen/gcc-8.3.1/gcc-10.2.0-n7su7jf54rc7l2ozegds5xksy6qhrjin/bin/gcc -std=c11 -ggdb -O3 -Wall -Wno-format-security -Wno-unknown-pragmas -Wno-unused-function -I/usr/lib/x86_64-linux-gnu/openmpi/include/ -I/usr/include/hdf5/serial/ -DH5_USE_16_API    -I./run/examples/cosmo_box_gravity_only_3d//build -c src/fof/fof_io.c -o run/examples/cosmo_box_gravity_only_3d//build/fof/fof_io.o
/cm/shared/apps/spack/cpu/opt/spack/linux-centos8-zen/gcc-8.3.1/gcc-10.2.0-n7su7jf54rc7l2ozegds5xksy6qhrjin/bin/gcc -std=c11 -ggdb -O3 -Wall -Wno-format-security -Wno-unknown-pragmas -Wno-unused-function -I/usr/lib/x86_64-linux-gnu/openmpi/include/ -I/usr/include/hdf5/serial/ -DH5_USE_16_API    -I./run/examples/cosmo_box_gravity_only_3d//build -c src/fof/fof_nearest.c -o run/examples/cosmo_box_gravity_only_3d//build/fof/fof_nearest.o
/cm/shared/apps/spack/cpu/opt/spack/linux-centos8-zen/gcc-8.3.1/gcc-10.2.0-n7su7jf54rc7l2ozegds5xksy6qhrjin/bin/gcc -std=c11 -ggdb -O3 -Wall -Wno-format-security -Wno-unknown-pragmas -Wno-unused-function -I/usr/lib/x86_64-linux-gnu/openmpi/include/ -I/usr/include/hdf5/serial/ -DH5_USE_16_API    -I./run/examples/cosmo_box_gravity_only_3d//build -c src/fof/fof_sort_kernels.c -o run/examples/cosmo_box_gravity_only_3d//build/fof/fof_sort_kernels.o
/cm/shared/apps/spack/cpu/opt/spack/linux-centos8-zen/gcc-8.3.1/gcc-10.2.0-n7su7jf54rc7l2ozegds5xksy6qhrjin/bin/gcc -std=c11 -ggdb -O3 -Wall -Wno-format-security -Wno-unknown-pragmas -Wno-unused-function -I/usr/lib/x86_64-linux-gnu/openmpi/include/ -I/usr/include/hdf5/serial/ -DH5_USE_16_API    -I./run/examples/cosmo_box_gravity_only_3d//build -c src/fof/fof_vars.c -o run/examples/cosmo_box_gravity_only_3d//build/fof/fof_vars.o
/cm/shared/apps/spack/cpu/opt/spack/linux-centos8-zen/gcc-8.3.1/gcc-10.2.0-n7su7jf54rc7l2ozegds5xksy6qhrjin/bin/gcc -std=c11 -ggdb -O3 -Wall -Wno-format-security -Wno-unknown-pragmas -Wno-unused-function -I/usr/lib/x86_64-linux-gnu/openmpi/include/ -I/usr/include/hdf5/serial/ -DH5_USE_16_API    -I./run/examples/cosmo_box_gravity_only_3d//build -c src/subfind/subfind.c -o run/examples/cosmo_box_gravity_only_3d//build/subfind/subfind.o
/cm/shared/apps/spack/cpu/opt/spack/linux-centos8-zen/gcc-8.3.1/gcc-10.2.0-n7su7jf54rc7l2ozegds5xksy6qhrjin/bin/gcc -std=c11 -ggdb -O3 -Wall -Wno-format-security -Wno-unknown-pragmas -Wno-unused-function -I/usr/lib/x86_64-linux-gnu/openmpi/include/ -I/usr/include/hdf5/serial/ -DH5_USE_16_API    -I./run/examples/cosmo_box_gravity_only_3d//build -c src/subfind/subfind_vars.c -o run/examples/cosmo_box_gravity_only_3d//build/subfind/subfind_vars.o
/cm/shared/apps/spack/cpu/opt/spack/linux-centos8-zen/gcc-8.3.1/gcc-10.2.0-n7su7jf54rc7l2ozegds5xksy6qhrjin/bin/gcc -std=c11 -ggdb -O3 -Wall -Wno-format-security -Wno-unknown-pragmas -Wno-unused-function -I/usr/lib/x86_64-linux-gnu/openmpi/include/ -I/usr/include/hdf5/serial/ -DH5_USE_16_API    -I./run/examples/cosmo_box_gravity_only_3d//build -c src/subfind/subfind_serial.c -o run/examples/cosmo_box_gravity_only_3d//build/subfind/subfind_serial.o
/cm/shared/apps/spack/cpu/opt/spack/linux-centos8-zen/gcc-8.3.1/gcc-10.2.0-n7su7jf54rc7l2ozegds5xksy6qhrjin/bin/gcc -std=c11 -ggdb -O3 -Wall -Wno-format-security -Wno-unknown-pragmas -Wno-unused-function -I/usr/lib/x86_64-linux-gnu/openmpi/include/ -I/usr/include/hdf5/serial/ -DH5_USE_16_API    -I./run/examples/cosmo_box_gravity_only_3d//build -c src/subfind/subfind_coll_tree.c -o run/examples/cosmo_box_gravity_only_3d//build/subfind/subfind_coll_tree.o
/cm/shared/apps/spack/cpu/opt/spack/linux-centos8-zen/gcc-8.3.1/gcc-10.2.0-n7su7jf54rc7l2ozegds5xksy6qhrjin/bin/gcc -std=c11 -ggdb -O3 -Wall -Wno-format-security -Wno-unknown-pragmas -Wno-unused-function -I/usr/lib/x86_64-linux-gnu/openmpi/include/ -I/usr/include/hdf5/serial/ -DH5_USE_16_API    -I./run/examples/cosmo_box_gravity_only_3d//build -c src/subfind/subfind_properties.c -o run/examples/cosmo_box_gravity_only_3d//build/subfind/subfind_properties.o
/cm/shared/apps/spack/cpu/opt/spack/linux-centos8-zen/gcc-8.3.1/gcc-10.2.0-n7su7jf54rc7l2ozegds5xksy6qhrjin/bin/gcc -std=c11 -ggdb -O3 -Wall -Wno-format-security -Wno-unknown-pragmas -Wno-unused-function -I/usr/lib/x86_64-linux-gnu/openmpi/include/ -I/usr/include/hdf5/serial/ -DH5_USE_16_API    -I./run/examples/cosmo_box_gravity_only_3d//build -c src/subfind/subfind_so.c -o run/examples/cosmo_box_gravity_only_3d//build/subfind/subfind_so.o
/cm/shared/apps/spack/cpu/opt/spack/linux-centos8-zen/gcc-8.3.1/gcc-10.2.0-n7su7jf54rc7l2ozegds5xksy6qhrjin/bin/gcc -std=c11 -ggdb -O3 -Wall -Wno-format-security -Wno-unknown-pragmas -Wno-unused-function -I/usr/lib/x86_64-linux-gnu/openmpi/include/ -I/usr/include/hdf5/serial/ -DH5_USE_16_API    -I./run/examples/cosmo_box_gravity_only_3d//build -c src/subfind/subfind_distribute.c -o run/examples/cosmo_box_gravity_only_3d//build/subfind/subfind_distribute.o
/cm/shared/apps/spack/cpu/opt/spack/linux-centos8-zen/gcc-8.3.1/gcc-10.2.0-n7su7jf54rc7l2ozegds5xksy6qhrjin/bin/gcc -std=c11 -ggdb -O3 -Wall -Wno-format-security -Wno-unknown-pragmas -Wno-unused-function -I/usr/lib/x86_64-linux-gnu/openmpi/include/ -I/usr/include/hdf5/serial/ -DH5_USE_16_API    -I./run/examples/cosmo_box_gravity_only_3d//build -c src/subfind/subfind_collective.c -o run/examples/cosmo_box_gravity_only_3d//build/subfind/subfind_collective.o
/cm/shared/apps/spack/cpu/opt/spack/linux-centos8-zen/gcc-8.3.1/gcc-10.2.0-n7su7jf54rc7l2ozegds5xksy6qhrjin/bin/gcc -std=c11 -ggdb -O3 -Wall -Wno-format-security -Wno-unknown-pragmas -Wno-unused-function -I/usr/lib/x86_64-linux-gnu/openmpi/include/ -I/usr/include/hdf5/serial/ -DH5_USE_16_API    -I./run/examples/cosmo_box_gravity_only_3d//build -c src/subfind/subfind_findlinkngb.c -o run/examples/cosmo_box_gravity_only_3d//build/subfind/subfind_findlinkngb.o
/cm/shared/apps/spack/cpu/opt/spack/linux-centos8-zen/gcc-8.3.1/gcc-10.2.0-n7su7jf54rc7l2ozegds5xksy6qhrjin/bin/gcc -std=c11 -ggdb -O3 -Wall -Wno-format-security -Wno-unknown-pragmas -Wno-unused-function -I/usr/lib/x86_64-linux-gnu/openmpi/include/ -I/usr/include/hdf5/serial/ -DH5_USE_16_API    -I./run/examples/cosmo_box_gravity_only_3d//build -c src/subfind/subfind_nearesttwo.c -o run/examples/cosmo_box_gravity_only_3d//build/subfind/subfind_nearesttwo.o
/cm/shared/apps/spack/cpu/opt/spack/linux-centos8-zen/gcc-8.3.1/gcc-10.2.0-n7su7jf54rc7l2ozegds5xksy6qhrjin/bin/gcc -std=c11 -ggdb -O3 -Wall -Wno-format-security -Wno-unknown-pragmas -Wno-unused-function -I/usr/lib/x86_64-linux-gnu/openmpi/include/ -I/usr/include/hdf5/serial/ -DH5_USE_16_API    -I./run/examples/cosmo_box_gravity_only_3d//build -c src/subfind/subfind_loctree.c -o run/examples/cosmo_box_gravity_only_3d//build/subfind/subfind_loctree.o
/cm/shared/apps/spack/cpu/opt/spack/linux-centos8-zen/gcc-8.3.1/gcc-10.2.0-n7su7jf54rc7l2ozegds5xksy6qhrjin/bin/gcc -std=c11 -ggdb -O3 -Wall -Wno-format-security -Wno-unknown-pragmas -Wno-unused-function -I/usr/lib/x86_64-linux-gnu/openmpi/include/ -I/usr/include/hdf5/serial/ -DH5_USE_16_API    -I./run/examples/cosmo_box_gravity_only_3d//build -c src/subfind/subfind_coll_domain.c -o run/examples/cosmo_box_gravity_only_3d//build/subfind/subfind_coll_domain.o
/cm/shared/apps/spack/cpu/opt/spack/linux-centos8-zen/gcc-8.3.1/gcc-10.2.0-n7su7jf54rc7l2ozegds5xksy6qhrjin/bin/gcc -std=c11 -ggdb -O3 -Wall -Wno-format-security -Wno-unknown-pragmas -Wno-unused-function -I/usr/lib/x86_64-linux-gnu/openmpi/include/ -I/usr/include/hdf5/serial/ -DH5_USE_16_API    -I./run/examples/cosmo_box_gravity_only_3d//build -c src/subfind/subfind_coll_treewalk.c -o run/examples/cosmo_box_gravity_only_3d//build/subfind/subfind_coll_treewalk.o
/cm/shared/apps/spack/cpu/opt/spack/linux-centos8-zen/gcc-8.3.1/gcc-10.2.0-n7su7jf54rc7l2ozegds5xksy6qhrjin/bin/gcc -std=c11 -ggdb -O3 -Wall -Wno-format-security -Wno-unknown-pragmas -Wno-unused-function -I/usr/lib/x86_64-linux-gnu/openmpi/include/ -I/usr/include/hdf5/serial/ -DH5_USE_16_API    -I./run/examples/cosmo_box_gravity_only_3d//build -c src/subfind/subfind_density.c -o run/examples/cosmo_box_gravity_only_3d//build/subfind/subfind_density.o
/cm/shared/apps/spack/cpu/opt/spack/linux-centos8-zen/gcc-8.3.1/gcc-10.2.0-n7su7jf54rc7l2ozegds5xksy6qhrjin/bin/gcc -std=c11 -ggdb -O3 -Wall -Wno-format-security -Wno-unknown-pragmas -Wno-unused-function -I/usr/lib/x86_64-linux-gnu/openmpi/include/ -I/usr/include/hdf5/serial/ -DH5_USE_16_API    -I./run/examples/cosmo_box_gravity_only_3d//build -c src/subfind/subfind_io.c -o run/examples/cosmo_box_gravity_only_3d//build/subfind/subfind_io.o
/cm/shared/apps/spack/cpu/opt/spack/linux-centos8-zen/gcc-8.3.1/gcc-10.2.0-n7su7jf54rc7l2ozegds5xksy6qhrjin/bin/gcc -std=c11 -ggdb -O3 -Wall -Wno-format-security -Wno-unknown-pragmas -Wno-unused-function -I/usr/lib/x86_64-linux-gnu/openmpi/include/ -I/usr/include/hdf5/serial/ -DH5_USE_16_API    -I./run/examples/cosmo_box_gravity_only_3d//build -c src/subfind/subfind_sort_kernels.c -o run/examples/cosmo_box_gravity_only_3d//build/subfind/subfind_sort_kernels.o
/cm/shared/apps/spack/cpu/opt/spack/linux-centos8-zen/gcc-8.3.1/gcc-10.2.0-n7su7jf54rc7l2ozegds5xksy6qhrjin/bin/gcc -std=c11 -ggdb -O3 -Wall -Wno-format-security -Wno-unknown-pragmas -Wno-unused-function -I/usr/lib/x86_64-linux-gnu/openmpi/include/ -I/usr/include/hdf5/serial/ -DH5_USE_16_API    -I./run/examples/cosmo_box_gravity_only_3d//build -c src/subfind/subfind_reprocess.c -o run/examples/cosmo_box_gravity_only_3d//build/subfind/subfind_reprocess.o
/cm/shared/apps/spack/cpu/opt/spack/linux-centos8-zen/gcc-8.3.1/gcc-10.2.0-n7su7jf54rc7l2ozegds5xksy6qhrjin/bin/gcc -std=c11 -ggdb -O3 -Wall -Wno-format-security -Wno-unknown-pragmas -Wno-unused-function -I/usr/lib/x86_64-linux-gnu/openmpi/include/ -I/usr/include/hdf5/serial/ -DH5_USE_16_API    -I./run/examples/cosmo_box_gravity_only_3d//build -c src/subfind/subfind_so_potegy.c -o run/examples/cosmo_box_gravity_only_3d//build/subfind/subfind_so_potegy.o
/cm/shared/apps/spack/cpu/opt/spack/linux-centos8-zen/gcc-8.3.1/gcc-10.2.0-n7su7jf54rc7l2ozegds5xksy6qhrjin/bin/gcc -std=c11 -ggdb -O3 -Wall -Wno-format-security -Wno-unknown-pragmas -Wno-unused-function -I/usr/lib/x86_64-linux-gnu/openmpi/include/ -I/usr/include/hdf5/serial/ -DH5_USE_16_API    -I./run/examples/cosmo_box_gravity_only_3d//build -c run/examples/cosmo_box_gravity_only_3d//build/compile_time_info.c -o run/examples/cosmo_box_gravity_only_3d//build/compile_time_info.o
/cm/shared/apps/spack/cpu/opt/spack/linux-centos8-zen/gcc-8.3.1/gcc-10.2.0-n7su7jf54rc7l2ozegds5xksy6qhrjin/bin/gcc -std=c11 -ggdb -O3 -Wall -Wno-format-security -Wno-unknown-pragmas -Wno-unused-function -I/usr/lib/x86_64-linux-gnu/openmpi/include/ -I/usr/include/hdf5/serial/ -DH5_USE_16_API    -I./run/examples/cosmo_box_gravity_only_3d//build -c run/examples/cosmo_box_gravity_only_3d//build/compile_time_info_hdf5.c -o run/examples/cosmo_box_gravity_only_3d//build/compile_time_info_hdf5.o
/cm/shared/apps/spack/cpu/opt/spack/linux-centos8-zen/gcc-8.3.1/gcc-10.2.0-n7su7jf54rc7l2ozegds5xksy6qhrjin/bin/gcc -std=c11 -ggdb -O3 -Wall -Wno-format-security -Wno-unknown-pragmas -Wno-unused-function -I/usr/lib/x86_64-linux-gnu/openmpi/include/ -I/usr/include/hdf5/serial/ -DH5_USE_16_API    -I./run/examples/cosmo_box_gravity_only_3d//build   -c -o run/examples/cosmo_box_gravity_only_3d//build/version.o run/examples/cosmo_box_gravity_only_3d//build/version.c
/cm/shared/apps/spack/cpu/opt/spack/linux-centos8-zen/gcc-8.3.1/gcc-10.2.0-n7su7jf54rc7l2ozegds5xksy6qhrjin/bin/gcc -std=c11 -ggdb -O3 -Wall -Wno-format-security -Wno-unknown-pragmas -Wno-unused-function ./run/examples/cosmo_box_gravity_only_3d//build/debug_md5/calc_checksum.o ./run/examples/cosmo_box_gravity_only_3d//build/debug_md5/Md5.o ./run/examples/cosmo_box_gravity_only_3d//build/domain/domain.o ./run/examples/cosmo_box_gravity_only_3d//build/domain/domain_balance.o ./run/examples/cosmo_box_gravity_only_3d//build/domain/domain_box.o ./run/examples/cosmo_box_gravity_only_3d//build/domain/domain_counttogo.o ./run/examples/cosmo_box_gravity_only_3d//build/domain/domain_DC_update.o ./run/examples/cosmo_box_gravity_only_3d//build/domain/domain_exchange.o ./run/examples/cosmo_box_gravity_only_3d//build/domain/domain_rearrange.o ./run/examples/cosmo_box_gravity_only_3d//build/domain/domain_sort_kernels.o ./run/examples/cosmo_box_gravity_only_3d//build/domain/domain_toplevel.o ./run/examples/cosmo_box_gravity_only_3d//build/domain/domain_vars.o ./run/examples/cosmo_box_gravity_only_3d//build/domain/peano.o ./run/examples/cosmo_box_gravity_only_3d//build/gravity/accel.o ./run/examples/cosmo_box_gravity_only_3d//build/gravity/forcetree.o ./run/examples/cosmo_box_gravity_only_3d//build/gravity/forcetree_ewald.o ./run/examples/cosmo_box_gravity_only_3d//build/gravity/forcetree_optimizebalance.o ./run/examples/cosmo_box_gravity_only_3d//build/gravity/forcetree_walk.o ./run/examples/cosmo_box_gravity_only_3d//build/gravity/grav_external.o ./run/examples/cosmo_box_gravity_only_3d//build/gravity/grav_softening.o ./run/examples/cosmo_box_gravity_only_3d//build/gravity/gravdirect.o ./run/examples/cosmo_box_gravity_only_3d//build/gravity/gravtree.o ./run/examples/cosmo_box_gravity_only_3d//build/gravity/gravtree_forcetest.o ./run/examples/cosmo_box_gravity_only_3d//build/gravity/longrange.o ./run/examples/cosmo_box_gravity_only_3d//build/gravity/pm/pm_periodic2d.o ./run/examples/cosmo_box_gravity_only_3d//build/gravity/pm/pm_periodic.o ./run/examples/cosmo_box_gravity_only_3d//build/gravity/pm/pm_mpi_fft.o ./run/examples/cosmo_box_gravity_only_3d//build/gravity/pm/pm_nonperiodic.o ./run/examples/cosmo_box_gravity_only_3d//build/hydro/finite_volume_solver.o ./run/examples/cosmo_box_gravity_only_3d//build/hydro/gradients.o ./run/examples/cosmo_box_gravity_only_3d//build/hydro/riemann.o ./run/examples/cosmo_box_gravity_only_3d//build/hydro/riemann_hllc.o ./run/examples/cosmo_box_gravity_only_3d//build/hydro/riemann_hlld.o ./run/examples/cosmo_box_gravity_only_3d//build/hydro/scalars.o ./run/examples/cosmo_box_gravity_only_3d//build/hydro/update_primitive_variables.o ./run/examples/cosmo_box_gravity_only_3d//build/init/begrun.o ./run/examples/cosmo_box_gravity_only_3d//build/init/density.o ./run/examples/cosmo_box_gravity_only_3d//build/init/init.o ./run/examples/cosmo_box_gravity_only_3d//build/io/global.o ./run/examples/cosmo_box_gravity_only_3d//build/io/hdf5_util.o ./run/examples/cosmo_box_gravity_only_3d//build/io/io.o ./run/examples/cosmo_box_gravity_only_3d//build/io/io_fields.o ./run/examples/cosmo_box_gravity_only_3d//build/io/logs.o ./run/examples/cosmo_box_gravity_only_3d//build/io/parameters.o ./run/examples/cosmo_box_gravity_only_3d//build/io/read_ic.o ./run/examples/cosmo_box_gravity_only_3d//build/io/restart.o ./run/examples/cosmo_box_gravity_only_3d//build/main/allvars.o ./run/examples/cosmo_box_gravity_only_3d//build/main/main.o ./run/examples/cosmo_box_gravity_only_3d//build/main/run.o ./run/examples/cosmo_box_gravity_only_3d//build/mesh/criterion_derefinement.o ./run/examples/cosmo_box_gravity_only_3d//build/mesh/criterion_refinement.o ./run/examples/cosmo_box_gravity_only_3d//build/mesh/refinement.o ./run/examples/cosmo_box_gravity_only_3d//build/mesh/set_vertex_velocities.o ./run/examples/cosmo_box_gravity_only_3d//build/mesh/voronoi/voronoi.o ./run/examples/cosmo_box_gravity_only_3d//build/mesh/voronoi/voronoi_1d.o ./run/examples/cosmo_box_gravity_only_3d//build/mesh/voronoi/voronoi_1d_spherical.o ./run/examples/cosmo_box_gravity_only_3d//build/mesh/voronoi/voronoi_3d.o ./run/examples/cosmo_box_gravity_only_3d//build/mesh/voronoi/voronoi_check.o ./run/examples/cosmo_box_gravity_only_3d//build/mesh/voronoi/voronoi_derefinement.o ./run/examples/cosmo_box_gravity_only_3d//build/mesh/voronoi/voronoi_dynamic_update.o ./run/examples/cosmo_box_gravity_only_3d//build/mesh/voronoi/voronoi_exchange.o ./run/examples/cosmo_box_gravity_only_3d//build/mesh/voronoi/voronoi_ghost_search.o ./run/examples/cosmo_box_gravity_only_3d//build/mesh/voronoi/voronoi_gradients_lsf.o ./run/examples/cosmo_box_gravity_only_3d//build/mesh/voronoi/voronoi_gradients_onedims.o ./run/examples/cosmo_box_gravity_only_3d//build/mesh/voronoi/voronoi_refinement.o ./run/examples/cosmo_box_gravity_only_3d//build/mesh/voronoi/voronoi_utils.o ./run/examples/cosmo_box_gravity_only_3d//build/mpi_utils/checksummed_sendrecv.o ./run/examples/cosmo_box_gravity_only_3d//build/mpi_utils/hypercube_allgatherv.o ./run/examples/cosmo_box_gravity_only_3d//build/mpi_utils/mpi_util.o ./run/examples/cosmo_box_gravity_only_3d//build/mpi_utils/myalltoall.o ./run/examples/cosmo_box_gravity_only_3d//build/mpi_utils/sizelimited_sendrecv.o ./run/examples/cosmo_box_gravity_only_3d//build/mpi_utils/pinning.o ./run/examples/cosmo_box_gravity_only_3d//build/ngbtree/ngbtree.o ./run/examples/cosmo_box_gravity_only_3d//build/ngbtree/ngbtree_search.o ./run/examples/cosmo_box_gravity_only_3d//build/ngbtree/ngbtree_walk.o ./run/examples/cosmo_box_gravity_only_3d//build/star_formation/sfr_eEOS.o ./run/examples/cosmo_box_gravity_only_3d//build/star_formation/starformation.o ./run/examples/cosmo_box_gravity_only_3d//build/time_integration/darkenergy.o ./run/examples/cosmo_box_gravity_only_3d//build/time_integration/do_gravity_hydro.o ./run/examples/cosmo_box_gravity_only_3d//build/time_integration/driftfac.o ./run/examples/cosmo_box_gravity_only_3d//build/time_integration/predict.o ./run/examples/cosmo_box_gravity_only_3d//build/time_integration/timestep.o ./run/examples/cosmo_box_gravity_only_3d//build/time_integration/timestep_treebased.o ./run/examples/cosmo_box_gravity_only_3d//build/utils/allocate.o ./run/examples/cosmo_box_gravity_only_3d//build/utils/debug.o ./run/examples/cosmo_box_gravity_only_3d//build/utils/mpz_extension.o ./run/examples/cosmo_box_gravity_only_3d//build/utils/mymalloc.o ./run/examples/cosmo_box_gravity_only_3d//build/utils/parallel_sort.o ./run/examples/cosmo_box_gravity_only_3d//build/utils/system.o ./run/examples/cosmo_box_gravity_only_3d//build/fof/fof.o ./run/examples/cosmo_box_gravity_only_3d//build/fof/fof_distribute.o ./run/examples/cosmo_box_gravity_only_3d//build/fof/fof_findgroups.o ./run/examples/cosmo_box_gravity_only_3d//build/fof/fof_io.o ./run/examples/cosmo_box_gravity_only_3d//build/fof/fof_nearest.o ./run/examples/cosmo_box_gravity_only_3d//build/fof/fof_sort_kernels.o ./run/examples/cosmo_box_gravity_only_3d//build/fof/fof_vars.o ./run/examples/cosmo_box_gravity_only_3d//build/subfind/subfind.o ./run/examples/cosmo_box_gravity_only_3d//build/subfind/subfind_vars.o ./run/examples/cosmo_box_gravity_only_3d//build/subfind/subfind_serial.o ./run/examples/cosmo_box_gravity_only_3d//build/subfind/subfind_coll_tree.o ./run/examples/cosmo_box_gravity_only_3d//build/subfind/subfind_properties.o ./run/examples/cosmo_box_gravity_only_3d//build/subfind/subfind_so.o ./run/examples/cosmo_box_gravity_only_3d//build/subfind/subfind_distribute.o ./run/examples/cosmo_box_gravity_only_3d//build/subfind/subfind_collective.o ./run/examples/cosmo_box_gravity_only_3d//build/subfind/subfind_findlinkngb.o ./run/examples/cosmo_box_gravity_only_3d//build/subfind/subfind_nearesttwo.o ./run/examples/cosmo_box_gravity_only_3d//build/subfind/subfind_loctree.o ./run/examples/cosmo_box_gravity_only_3d//build/subfind/subfind_coll_domain.o ./run/examples/cosmo_box_gravity_only_3d//build/subfind/subfind_coll_treewalk.o ./run/examples/cosmo_box_gravity_only_3d//build/subfind/subfind_density.o ./run/examples/cosmo_box_gravity_only_3d//build/subfind/subfind_io.o ./run/examples/cosmo_box_gravity_only_3d//build/subfind/subfind_sort_kernels.o ./run/examples/cosmo_box_gravity_only_3d//build/subfind/subfind_reprocess.o ./run/examples/cosmo_box_gravity_only_3d//build/subfind/subfind_so_potegy.o ./run/examples/cosmo_box_gravity_only_3d//build/compile_time_info.o ./run/examples/cosmo_box_gravity_only_3d//build/compile_time_info_hdf5.o ./run/examples/cosmo_box_gravity_only_3d//build/version.o -lgmp -lm -lstdc++ -L/usr/lib/x86_64-linux-gnu/openmpi/lib/ -lmpi -L/usr/lib/x86_64-linux-gnu/hdf5/serial/ -lhdf5 -lz -lgsl -lgslcblas  -lfftw3  -o ./run/examples/cosmo_box_gravity_only_3d//Arepo
Checking active options of ./run/examples/cosmo_box_gravity_only_3d//Config.sh
ERROR: test.sh:\t ./examples/cosmo_box_gravity_only_3d/ \t execution failed!
