1,1246.80
2,683.90
3,468.97
4,427.97
5,322.44
6,300.55
7,263.39
8,238.83
9,216.69
10,191.70
11,172.88
12,165.07
13,161.05
14,139.28
15,128.48
16,114.85
17,114.33
18,123.55
19,105.80
20,104.99
21,100.82
22,109.06
23,110.87
24,117.62
25,99.66
26,93.81
27,100.65
28,99.28
29,88.89
30,92.92
31,94.98
32,93.52
33,93.11
34,91.42
35,94.89
36,95.88
37,88.77
38,91.03
39,89.90
40,88.88
41,88.05
42,91.39
43,84.70
44,86.25
45,90.55
46,89.34
47,88.58
48,87.36
49,98.43
50,85.38
51,85.12
52,87.25
53,85.17
54,83.62
55,83.40
56,83.48
57,84.10
58,83.21
59,84.27
60,86.01
61,86.39
62,85.63
63,85.30
64,82.35
65,83.24
66,84.75
67,85.22
68,88.60
69,89.01
70,86.79
71,87.34
72,86.67
73,89.99
74,88.21
75,88.47
76,87.81
77,92.50
78,89.77
79,89.88
80,88.96
81,89.96
82,89.15
83,90.02
84,91.57
85,94.06
86,89.79
87,87.74
88,89.38
89,89.76
90,89.67
91,90.07
92,90.53
93,90.44
94,89.68
95,91.02
96,90.81
97,92.70
98,93.38
99,93.05
100,94.59
101,95.07
102,95.53
103,94.47
104,Command exited with non-zero status 1
23.80
105,Command exited with non-zero status 1
25.66
106,Command exited with non-zero status 1
25.90
107,Command exited with non-zero status 1
26.13
108,Command exited with non-zero status 1
26.41
109,Command exited with non-zero status 1
26.05
110,Command exited with non-zero status 1
26.17
111,Command exited with non-zero status 1
26.70
112,Command exited with non-zero status 1
26.55
113,Command exited with non-zero status 1
26.44
114,Command exited with non-zero status 1
26.72
115,Command exited with non-zero status 1
26.54
116,Command exited with non-zero status 1
26.42
117,Command exited with non-zero status 1
26.93
118,Command exited with non-zero status 1
26.79
119,Command exited with non-zero status 1
26.96
120,Command exited with non-zero status 1
26.98
121,Command exited with non-zero status 1
26.80
122,Command exited with non-zero status 1
27.01
123,Command exited with non-zero status 1
26.82
124,Command exited with non-zero status 1
26.84
125,Command exited with non-zero status 1
26.86
126,Command exited with non-zero status 1
27.05
127,Command exited with non-zero status 1
26.93
128,Command exited with non-zero status 1
27.04
