64,1,420.83
64,2,214.85
64,3,154.80
64,4,120.49
64,5,100.77
64,6,90.95
64,7,81.89
64,8,76.17
64,9,71.61
64,10,68.30
64,11,63.81
64,12,61.69
64,13,60.23
64,14,57.24
64,15,57.20
64,16,54.91
64,17,53.51
64,18,52.67
64,19,51.90
64,20,51.33
64,21,50.16
64,22,49.14
64,23,48.24
64,24,48.44
64,25,47.48
64,26,47.09
64,27,47.25
64,28,46.72
64,29,46.02
64,30,46.18
64,31,45.05
64,32,44.86
64,33,45.24
64,34,46.84
64,35,44.70
64,36,45.06
64,37,44.88
64,38,44.61
64,39,44.75
64,40,46.12
64,41,46.09
64,42,44.85
64,43,45.99
64,44,45.44
64,45,44.89
64,46,45.81
64,47,44.38
64,48,45.51
64,49,46.37
64,50,44.55
64,51,45.49
64,52,45.72
64,53,46.81
64,54,45.87
64,55,45.93
64,56,45.66
64,57,45.58
64,58,46.03
64,59,45.48
64,60,46.38
64,61,48.11
64,62,49.28
64,63,47.84
64,64,47.77
64,65,47.85
64,66,49.34
64,67,49.84
64,68,50.70
64,69,48.97
64,70,49.43
64,71,49.46
64,72,49.82
64,73,50.23
64,74,51.57
64,75,52.08
64,76,51.87
64,77,52.57
64,78,52.32
64,79,52.77
64,80,53.84
64,81,54.22
64,82,51.37
64,83,52.42
64,84,54.41
64,85,53.58
64,86,54.11
64,87,56.47
64,88,54.20
64,89,54.66
64,90,56.67
64,91,57.10
64,92,56.72
64,93,55.76
64,94,54.70
64,95,55.90
64,96,56.74
64,97,57.81
64,98,56.38
64,99,59.05
64,100,58.74
64,101,57.81
64,102,59.04
64,103,59.53
64,104,24.36
64,105,23.59
64,106,24.01
64,107,23.95
64,108,24.31
64,109,23.74
64,110,24.21
64,111,24.62
64,112,24.00
64,113,24.31
64,114,29.53
64,115,24.29
64,116,24.65
64,117,24.30
64,118,24.40
64,119,24.81
64,120,24.76
64,121,24.89
64,122,24.45
64,123,24.59
64,124,24.87
64,125,25.06
64,126,25.06
64,127,25.93
64,128,25.12
128,1,339.69
128,2,168.99
128,3,116.98
128,4,91.07
128,5,79.32
128,6,72.27
128,7,67.91
128,8,63.70
128,9,62.35
128,10,59.30
128,11,57.78
128,12,53.56
128,13,53.23
128,14,52.67
128,15,51.86
128,16,48.57
128,17,48.59
128,18,47.92
128,19,47.19
128,20,46.49
128,21,46.57
128,22,44.67
128,23,46.12
128,24,45.24
128,25,44.40
128,26,43.32
128,27,42.75
128,28,43.82
128,29,42.58
128,30,43.46
128,31,43.34
128,32,42.71
128,33,42.48
128,34,41.84
128,35,42.45
128,36,43.01
128,37,44.75
128,38,43.75
128,39,43.35
128,40,43.51
128,41,43.49
128,42,43.63
128,43,42.88
128,44,43.45
128,45,44.32
128,46,43.39
128,47,43.73
128,48,43.11
128,49,43.46
128,50,44.17
128,51,45.16
128,52,43.69
128,53,44.64
128,54,45.02
128,55,45.34
128,56,44.30
128,57,45.20
128,58,45.83
128,59,45.60
128,60,46.16
128,61,46.44
128,62,47.13
128,63,46.58
128,64,46.04
128,65,46.10
128,66,47.00
128,67,47.87
128,68,48.08
128,69,47.84
128,70,47.87
128,71,48.44
128,72,47.95
128,73,47.97
128,74,48.41
128,75,49.11
128,76,48.21
128,77,49.37
128,78,49.77
128,79,49.37
128,80,50.46
128,81,50.21
128,82,50.29
128,83,49.42
128,84,50.06
128,85,52.37
128,86,50.93
128,87,50.23
128,88,51.50
128,89,50.75
128,90,51.99
128,91,51.77
128,92,52.33
128,93,52.53
128,94,51.40
128,95,53.23
128,96,52.52
128,97,53.11
128,98,53.40
128,99,56.02
128,100,57.23
128,101,56.88
128,102,56.48
128,103,57.25
128,104,23.20
128,105,23.64
128,106,23.36
128,107,22.96
128,108,23.55
128,109,23.53
128,110,23.94
128,111,24.04
128,112,23.63
128,113,23.94
128,114,24.52
128,115,23.84
128,116,23.33
128,117,24.29
128,118,24.46
128,119,24.48
128,120,24.13
128,121,24.57
128,122,24.38
128,123,23.98
128,124,24.04
128,125,24.30
128,126,24.23
128,127,24.92
128,128,24.41
256,1,1244.09
256,2,691.62
256,3,519.82
256,4,423.59
256,5,345.47
256,6,273.75
256,7,248.27
256,8,234.22
256,9,198.96
256,10,184.44
256,11,190.06
256,12,168.72
256,13,167.64
256,14,136.39
256,15,124.26
256,16,114.24
256,17,110.14
256,18,113.57
256,19,102.36
256,20,98.64
256,21,96.03
256,22,93.47
256,23,105.98
256,24,97.16
256,25,105.12
256,26,105.18
256,27,97.23
256,28,89.33
256,29,94.25
256,30,89.63
256,31,91.10
256,32,102.60
256,33,95.19
256,34,93.93
256,35,89.88
256,36,88.59
256,37,88.42
256,38,88.50
256,39,89.76
256,40,87.94
256,41,89.75
256,42,86.05
256,43,88.24
256,44,84.11
256,45,85.09
256,46,92.24
256,47,87.27
256,48,85.00
256,49,85.33
256,50,85.26
256,51,85.41
256,52,81.48
256,53,81.72
256,54,83.32
256,55,82.90
256,56,83.50
256,57,84.29
256,58,83.52
256,59,84.07
256,60,83.80
256,61,85.83
256,62,84.65
256,63,83.43
256,64,81.93
256,65,83.63
256,66,86.59
256,67,85.87
256,68,82.92
256,69,83.98
256,70,84.73
256,71,84.54
256,72,86.68
256,73,84.61
256,74,85.46
256,75,86.10
256,76,86.22
256,77,86.61
256,78,86.36
256,79,85.77
256,80,88.84
256,81,86.23
256,82,87.41
256,83,89.49
256,84,88.02
256,85,87.15
256,86,84.55
256,87,86.33
256,88,87.21
256,89,85.74
256,90,86.09
256,91,84.99
256,92,86.04
256,93,87.16
256,94,85.90
256,95,87.11
256,96,87.46
256,97,88.11
256,98,89.91
256,99,92.30
256,100,91.43
256,101,93.26
256,102,92.71
256,103,94.40
256,104,22.52
256,105,22.99
256,106,22.77
256,107,23.27
256,108,23.33
256,109,23.75
256,110,23.41
256,111,24.18
256,112,23.74
256,113,23.93
256,114,24.12
256,115,23.56
256,116,23.84
256,117,23.82
256,118,24.37
256,119,23.87
256,120,23.91
256,121,24.13
256,122,23.97
256,123,24.36
256,124,24.19
256,125,23.95
256,126,24.31
256,127,24.48
256,128,24.86
512,1,9417.62
512,2,5126.99
512,3,3981.26
512,4,3313.45
512,5,2674.85
512,6,2233.80
512,7,1915.47
512,8,2026.88
512,9,1508.98
512,10,1447.29
512,11,1233.40
512,12,1257.14
512,13,1117.19
512,14,1034.72
512,15,969.76
512,16,934.84
512,17,878.95
512,18,899.44
512,19,787.84
512,20,767.72
512,21,799.81
512,22,773.96
512,23,734.58
512,24,639.98
512,25,621.87
512,26,658.68
512,27,632.12
512,28,559.82
512,29,595.36
512,30,575.41
512,31,573.29
512,32,570.32
512,33,567.33
512,34,517.68
512,35,503.80
512,36,501.37
512,37,480.71
512,38,474.82
512,39,466.14
512,40,456.85
512,41,483.82
512,42,482.37
512,43,460.72
512,44,462.82
512,45,449.03
512,46,441.27
512,47,439.31
512,48,434.15
512,49,449.47
512,50,452.09
512,51,440.06
512,52,439.49
512,53,429.08
512,54,433.79
512,55,428.37
512,56,413.01
512,57,417.61
512,58,418.85
512,59,417.13
512,60,420.28
512,61,420.49
512,62,407.74
512,63,402.44
512,64,395.13
512,65,426.21
512,66,441.45
512,67,454.07
512,68,459.94
512,69,471.47
512,70,468.19
512,71,486.41
512,72,473.06
512,73,481.08
512,74,473.52
512,75,468.66
512,76,465.31
512,77,468.14
512,78,475.77
512,79,478.14
512,80,464.59
512,81,468.55
512,82,470.48
512,83,472.63
512,84,470.76
512,85,461.73
512,86,457.18
512,87,455.47
512,88,454.11
512,89,477.80
512,90,473.11
512,91,466.52
512,92,468.88
512,93,461.30
512,94,452.16
512,95,459.88
512,96,457.32
512,97,464.59
512,98,471.23
512,99,475.57
512,100,467.25
512,101,470.21
512,102,462.93
512,103,450.01
512,104,22.76
512,105,22.69
512,106,22.91
512,107,23.06
512,108,23.41
512,109,23.22
512,110,23.32
512,111,23.67
512,112,23.49
512,113,23.19
512,114,23.95
512,115,23.64
512,116,23.78
512,117,23.61
512,118,23.92
512,119,23.87
512,120,24.07
512,121,24.10
512,122,24.30
512,123,24.50
512,124,24.43
512,125,24.10
512,126,24.10
512,127,24.17
512,128,24.37
1024,1,43.64
1024,2,22.56
1024,3,17.24
1024,4,16.04
1024,5,15.51
1024,6,15.94
1024,7,12594.73
1024,8,